[ 2014-12-09T21:38:36+08:00 ] 127.0.0.1 /
INFO: [ app_init ] --START--
INFO: Run Behavior\BuildLiteBehavior [ RunTime:0.000000s ]
INFO: [ app_init ] --END-- [ RunTime:0.184010s ]
INFO: [ app_begin ] --START--
INFO: Run Behavior\ReadHtmlCacheBehavior [ RunTime:0.074004s ]
INFO: [ app_begin ] --END-- [ RunTime:0.075004s ]
NOTIC: [8192] mysql_connect(): The mysql extension is deprecated and will be removed in the future: use mysqli or PDO instead D:\wamp\www\ThinkPHP\Library\Think\Db\Driver\Mysql.class.php 第 52 行.
SQL: SHOW COLUMNS FROM `ft_question` [ RunTime:0.501029s ]
SQL: SELECT * FROM `ft_question` ORDER BY time desc  [ RunTime:0.017001s ]
SQL: SELECT * FROM `ft_question` WHERE `time` >= 1417959515 ORDER BY answernum desc  [ RunTime:0.099006s ]
SQL: SELECT * FROM `ft_question` WHERE `answernum` = 0 ORDER BY time desc  [ RunTime:0.001000s ]
INFO: [ view_parse ] --START--
INFO: [ template_filter ] --START--
INFO: Run Behavior\ContentReplaceBehavior [ RunTime:0.000000s ]
INFO: [ template_filter ] --END-- [ RunTime:0.001000s ]
NOTIC: [2] Invalid argument supplied for foreach() D:\wamp\www\Application\Runtime\Cache\Home\2a94b8bda04ff446dcedd42276fc99ee.php 第 152 行.
NOTIC: [8] Undefined index: id D:\wamp\www\Application\Runtime\Cache\Home\2a94b8bda04ff446dcedd42276fc99ee.php 第 211 行.
NOTIC: [8] Undefined index: id D:\wamp\www\Application\Runtime\Cache\Home\2a94b8bda04ff446dcedd42276fc99ee.php 第 218 行.
INFO: Run Behavior\ParseTemplateBehavior [ RunTime:0.478027s ]
INFO: [ view_parse ] --END-- [ RunTime:0.478027s ]
INFO: [ view_filter ] --START--
INFO: Run Behavior\WriteHtmlCacheBehavior [ RunTime:0.029002s ]
INFO: [ view_filter ] --END-- [ RunTime:0.029002s ]
INFO: [ app_end ] --START--
INFO: Run Behavior\ShowPageTraceBehavior [ RunTime:0.242014s ]
INFO: [ app_end ] --END-- [ RunTime:0.243014s ]

[ 2014-12-09T21:38:43+08:00 ] 127.0.0.1 /
INFO: [ app_init ] --START--
INFO: Run Behavior\BuildLiteBehavior [ RunTime:0.000000s ]
INFO: [ app_init ] --END-- [ RunTime:0.000000s ]
INFO: [ app_begin ] --START--
INFO: Run Behavior\ReadHtmlCacheBehavior [ RunTime:0.000000s ]
INFO: [ app_begin ] --END-- [ RunTime:0.000000s ]
NOTIC: [8192] mysql_connect(): The mysql extension is deprecated and will be removed in the future: use mysqli or PDO instead D:\wamp\www\ThinkPHP\Library\Think\Db\Driver\Mysql.class.php 第 52 行.
SQL: SHOW COLUMNS FROM `ft_question` [ RunTime:0.003000s ]
SQL: SELECT * FROM `ft_question` ORDER BY time desc  [ RunTime:0.000000s ]
SQL: SELECT * FROM `ft_question` WHERE `time` >= 1417959523 ORDER BY answernum desc  [ RunTime:0.000000s ]
SQL: SELECT * FROM `ft_question` WHERE `answernum` = 0 ORDER BY time desc  [ RunTime:0.000000s ]
INFO: [ view_parse ] --START--
INFO: [ template_filter ] --START--
INFO: Run Behavior\ContentReplaceBehavior [ RunTime:0.000000s ]
INFO: [ template_filter ] --END-- [ RunTime:0.000000s ]
NOTIC: [2] Invalid argument supplied for foreach() D:\wamp\www\Application\Runtime\Cache\Home\2a94b8bda04ff446dcedd42276fc99ee.php 第 152 行.
NOTIC: [8] Undefined index: id D:\wamp\www\Application\Runtime\Cache\Home\2a94b8bda04ff446dcedd42276fc99ee.php 第 211 行.
NOTIC: [8] Undefined index: id D:\wamp\www\Application\Runtime\Cache\Home\2a94b8bda04ff446dcedd42276fc99ee.php 第 218 行.
INFO: Run Behavior\ParseTemplateBehavior [ RunTime:0.017001s ]
INFO: [ view_parse ] --END-- [ RunTime:0.017001s ]
INFO: [ view_filter ] --START--
INFO: Run Behavior\WriteHtmlCacheBehavior [ RunTime:0.001000s ]
INFO: [ view_filter ] --END-- [ RunTime:0.001000s ]
INFO: [ app_end ] --START--
INFO: Run Behavior\ShowPageTraceBehavior [ RunTime:0.001000s ]
INFO: [ app_end ] --END-- [ RunTime:0.001000s ]

[ 2014-12-09T21:38:50+08:00 ] 127.0.0.1 /index.php/home/question/index?id=1
INFO: [ app_init ] --START--
INFO: Run Behavior\BuildLiteBehavior [ RunTime:0.000000s ]
INFO: [ app_init ] --END-- [ RunTime:0.000000s ]
INFO: [ app_begin ] --START--
INFO: Run Behavior\ReadHtmlCacheBehavior [ RunTime:0.001000s ]
INFO: [ app_begin ] --END-- [ RunTime:0.001000s ]
NOTIC: [8192] mysql_connect(): The mysql extension is deprecated and will be removed in the future: use mysqli or PDO instead D:\wamp\www\ThinkPHP\Library\Think\Db\Driver\Mysql.class.php 第 52 行.
SQL: SHOW COLUMNS FROM `ft_question` [ RunTime:0.003000s ]
SQL: SHOW COLUMNS FROM `ft_answer` [ RunTime:0.056003s ]
SQL: SELECT * FROM `ft_question` WHERE `id` = 1 LIMIT 1   [ RunTime:0.001000s ]
SQL: SELECT * FROM `ft_answer` WHERE `questionid` = 1  [ RunTime:0.019002s ]
INFO: [ view_parse ] --START--
INFO: [ template_filter ] --START--
INFO: Run Behavior\ContentReplaceBehavior [ RunTime:0.001000s ]
INFO: [ template_filter ] --END-- [ RunTime:0.001000s ]
NOTIC: [8] Undefined index: id D:\wamp\www\Application\Runtime\Cache\Home\00a4151b6f13762c02e9d8b9f0e9ad6e.php 第 186 行.
NOTIC: [8] Undefined index: id D:\wamp\www\Application\Runtime\Cache\Home\00a4151b6f13762c02e9d8b9f0e9ad6e.php 第 193 行.
INFO: Run Behavior\ParseTemplateBehavior [ RunTime:0.015000s ]
INFO: [ view_parse ] --END-- [ RunTime:0.015000s ]
INFO: [ view_filter ] --START--
INFO: Run Behavior\WriteHtmlCacheBehavior [ RunTime:0.000000s ]
INFO: [ view_filter ] --END-- [ RunTime:0.000000s ]
INFO: [ app_end ] --START--
INFO: Run Behavior\ShowPageTraceBehavior [ RunTime:0.000000s ]
INFO: [ app_end ] --END-- [ RunTime:0.001001s ]

