[ 2014-12-23T16:33:07+08:00 ] 127.0.0.1 /
INFO: [ app_init ] --START--
INFO: Run Behavior\BuildLiteBehavior [ RunTime:0.000000s ]
INFO: [ app_init ] --END-- [ RunTime:0.013000s ]
INFO: [ app_begin ] --START--
INFO: Run Behavior\ReadHtmlCacheBehavior [ RunTime:0.001000s ]
INFO: [ app_begin ] --END-- [ RunTime:0.001000s ]
NOTIC: [8192] mysql_connect(): The mysql extension is deprecated and will be removed in the future: use mysqli or PDO instead D:\wamp\www\ThinkPHP\Library\Think\Db\Driver\Mysql.class.php 第 52 行.
SQL: SHOW COLUMNS FROM `ft_question` [ RunTime:0.061004s ]
SQL: SELECT * FROM `ft_question` ORDER BY time desc  [ RunTime:0.014000s ]
SQL: SELECT * FROM `ft_question` WHERE `time` >= 1418718787 ORDER BY answernum desc  [ RunTime:0.017001s ]
SQL: SELECT * FROM `ft_question` WHERE `answernum` = 0 ORDER BY time desc  [ RunTime:0.001000s ]
INFO: [ view_parse ] --START--
INFO: [ template_filter ] --START--
INFO: Run Behavior\ContentReplaceBehavior [ RunTime:0.000000s ]
INFO: [ template_filter ] --END-- [ RunTime:0.001000s ]
NOTIC: [2] Invalid argument supplied for foreach() D:\wamp\www\Application\Runtime\Cache\Home\2a94b8bda04ff446dcedd42276fc99ee.php 第 152 行.
NOTIC: [8] Undefined index: id D:\wamp\www\Application\Runtime\Cache\Home\2a94b8bda04ff446dcedd42276fc99ee.php 第 211 行.
NOTIC: [8] Undefined index: id D:\wamp\www\Application\Runtime\Cache\Home\2a94b8bda04ff446dcedd42276fc99ee.php 第 218 行.
INFO: Run Behavior\ParseTemplateBehavior [ RunTime:0.033002s ]
INFO: [ view_parse ] --END-- [ RunTime:0.034002s ]
INFO: [ view_filter ] --START--
INFO: Run Behavior\WriteHtmlCacheBehavior [ RunTime:0.000000s ]
INFO: [ view_filter ] --END-- [ RunTime:0.001000s ]
INFO: [ app_end ] --START--
INFO: Run Behavior\ShowPageTraceBehavior [ RunTime:0.001000s ]
INFO: [ app_end ] --END-- [ RunTime:0.002000s ]

[ 2014-12-23T16:33:10+08:00 ] 127.0.0.1 /index.php/home/login/login
INFO: [ app_init ] --START--
INFO: Run Behavior\BuildLiteBehavior [ RunTime:0.000000s ]
INFO: [ app_init ] --END-- [ RunTime:0.000000s ]
INFO: [ app_begin ] --START--
INFO: Run Behavior\ReadHtmlCacheBehavior [ RunTime:0.000000s ]
INFO: [ app_begin ] --END-- [ RunTime:0.001000s ]
NOTIC: [8192] mysql_connect(): The mysql extension is deprecated and will be removed in the future: use mysqli or PDO instead D:\wamp\www\ThinkPHP\Library\Think\Db\Driver\Mysql.class.php 第 52 行.
SQL: SHOW COLUMNS FROM `ft_user` [ RunTime:0.078000s ]
SQL: SELECT * FROM `ft_user` WHERE `user_id` = 'chenjunshan@1.com' AND `password` = 'chenjunshan' LIMIT 1   [ RunTime:0.015600s ]

[ 2014-12-23T16:33:11+08:00 ] 127.0.0.1 /
INFO: [ app_init ] --START--
INFO: Run Behavior\BuildLiteBehavior [ RunTime:0.000000s ]
INFO: [ app_init ] --END-- [ RunTime:0.015600s ]
INFO: [ app_begin ] --START--
INFO: Run Behavior\ReadHtmlCacheBehavior [ RunTime:0.001000s ]
INFO: [ app_begin ] --END-- [ RunTime:0.001000s ]
NOTIC: [8192] mysql_connect(): The mysql extension is deprecated and will be removed in the future: use mysqli or PDO instead D:\wamp\www\ThinkPHP\Library\Think\Db\Driver\Mysql.class.php 第 52 行.
SQL: SHOW COLUMNS FROM `ft_question` [ RunTime:0.004000s ]
SQL: SELECT * FROM `ft_question` ORDER BY time desc  [ RunTime:0.000000s ]
SQL: SELECT * FROM `ft_question` WHERE `time` >= 1418718791 ORDER BY answernum desc  [ RunTime:0.000000s ]
SQL: SELECT * FROM `ft_question` WHERE `answernum` = 0 ORDER BY time desc  [ RunTime:0.000000s ]
INFO: [ view_parse ] --START--
INFO: [ template_filter ] --START--
INFO: Run Behavior\ContentReplaceBehavior [ RunTime:0.000000s ]
INFO: [ template_filter ] --END-- [ RunTime:0.000000s ]
NOTIC: [2] Invalid argument supplied for foreach() D:\wamp\www\Application\Runtime\Cache\Home\2a94b8bda04ff446dcedd42276fc99ee.php 第 152 行.
INFO: Run Behavior\ParseTemplateBehavior [ RunTime:0.015001s ]
INFO: [ view_parse ] --END-- [ RunTime:0.015001s ]
INFO: [ view_filter ] --START--
INFO: Run Behavior\WriteHtmlCacheBehavior [ RunTime:0.000000s ]
INFO: [ view_filter ] --END-- [ RunTime:0.001000s ]
INFO: [ app_end ] --START--
INFO: Run Behavior\ShowPageTraceBehavior [ RunTime:0.001000s ]
INFO: [ app_end ] --END-- [ RunTime:0.001000s ]

[ 2014-12-23T16:38:42+08:00 ] 127.0.0.1 /index.php/home/search/searchtag?id=3
INFO: [ app_init ] --START--
INFO: Run Behavior\BuildLiteBehavior [ RunTime:0.000000s ]
INFO: [ app_init ] --END-- [ RunTime:0.000000s ]
INFO: [ app_begin ] --START--
INFO: Run Behavior\ReadHtmlCacheBehavior [ RunTime:0.001001s ]
INFO: [ app_begin ] --END-- [ RunTime:0.001001s ]
NOTIC: [8192] mysql_connect(): The mysql extension is deprecated and will be removed in the future: use mysqli or PDO instead D:\wamp\www\ThinkPHP\Library\Think\Db\Driver\Mysql.class.php 第 52 行.
SQL: SHOW COLUMNS FROM `ft_question` [ RunTime:0.003000s ]
SQL: SELECT * FROM `ft_question` WHERE `PHP` = 1  [ RunTime:0.001000s ]
INFO: [ view_parse ] --START--
INFO: [ template_filter ] --START--
INFO: Run Behavior\ContentReplaceBehavior [ RunTime:0.001000s ]
INFO: [ template_filter ] --END-- [ RunTime:0.001000s ]
INFO: Run Behavior\ParseTemplateBehavior [ RunTime:0.012001s ]
INFO: [ view_parse ] --END-- [ RunTime:0.012001s ]
INFO: [ view_filter ] --START--
INFO: Run Behavior\WriteHtmlCacheBehavior [ RunTime:0.001000s ]
INFO: [ view_filter ] --END-- [ RunTime:0.001000s ]
INFO: [ app_end ] --START--
INFO: Run Behavior\ShowPageTraceBehavior [ RunTime:0.001000s ]
INFO: [ app_end ] --END-- [ RunTime:0.001000s ]

[ 2014-12-23T16:38:46+08:00 ] 127.0.0.1 /index.php/home/question/index?id=23
INFO: [ app_init ] --START--
INFO: Run Behavior\BuildLiteBehavior [ RunTime:0.000000s ]
INFO: [ app_init ] --END-- [ RunTime:0.000000s ]
INFO: [ app_begin ] --START--
INFO: Run Behavior\ReadHtmlCacheBehavior [ RunTime:0.001000s ]
INFO: [ app_begin ] --END-- [ RunTime:0.001000s ]
NOTIC: [8192] mysql_connect(): The mysql extension is deprecated and will be removed in the future: use mysqli or PDO instead D:\wamp\www\ThinkPHP\Library\Think\Db\Driver\Mysql.class.php 第 52 行.
SQL: SHOW COLUMNS FROM `ft_question` [ RunTime:0.004000s ]
SQL: SHOW COLUMNS FROM `ft_answer` [ RunTime:0.069004s ]
SQL: SELECT * FROM `ft_question` WHERE `id` = 23 LIMIT 1   [ RunTime:0.001000s ]
SQL: SELECT * FROM `ft_answer` WHERE `questionid` = 23  [ RunTime:0.015001s ]
INFO: [ view_parse ] --START--
INFO: [ template_filter ] --START--
INFO: Run Behavior\ContentReplaceBehavior [ RunTime:0.000000s ]
INFO: [ template_filter ] --END-- [ RunTime:0.001000s ]
INFO: Run Behavior\ParseTemplateBehavior [ RunTime:0.029002s ]
INFO: [ view_parse ] --END-- [ RunTime:0.029002s ]
INFO: [ view_filter ] --START--
INFO: Run Behavior\WriteHtmlCacheBehavior [ RunTime:0.001000s ]
INFO: [ view_filter ] --END-- [ RunTime:0.001000s ]
INFO: [ app_end ] --START--
INFO: Run Behavior\ShowPageTraceBehavior [ RunTime:0.001000s ]
INFO: [ app_end ] --END-- [ RunTime:0.001000s ]

[ 2014-12-23T16:38:51+08:00 ] 127.0.0.1 /index.php/home/question/dianzan2
INFO: [ app_init ] --START--
INFO: Run Behavior\BuildLiteBehavior [ RunTime:0.001000s ]
INFO: [ app_init ] --END-- [ RunTime:0.001000s ]
INFO: [ app_begin ] --START--
INFO: Run Behavior\ReadHtmlCacheBehavior [ RunTime:0.001000s ]
INFO: [ app_begin ] --END-- [ RunTime:0.001000s ]
NOTIC: [8192] mysql_connect(): The mysql extension is deprecated and will be removed in the future: use mysqli or PDO instead D:\wamp\www\ThinkPHP\Library\Think\Db\Driver\Mysql.class.php 第 52 行.
SQL: SHOW COLUMNS FROM `ft_dianzanans` [ RunTime:0.031200s ]
SQL: SHOW COLUMNS FROM `ft_answer` [ RunTime:0.015600s ]
SQL: SELECT * FROM `ft_dianzanans` WHERE `answerid` = 19 AND `userid` = 1 LIMIT 1   [ RunTime:0.000000s ]
SQL: INSERT INTO `ft_dianzanans` (`answerid`,`userid`) VALUES (19,1) [ RunTime:0.000000s ]
SQL: SELECT * FROM `ft_answer` WHERE `id` = 19 LIMIT 1   [ RunTime:0.000000s ]
SQL: UPDATE `ft_answer` SET `id`=19,`questionid`=23,`userid`=1,`username`='花花公子',`time`=1418548274,`content`='wahahah',`prisenum`=1,`adopt`=0,`picture`=null WHERE `id` = 19 [ RunTime:0.078000s ]

[ 2014-12-23T16:38:51+08:00 ] 127.0.0.1 /index.php/home/question/dianzan2
INFO: [ app_init ] --START--
INFO: Run Behavior\BuildLiteBehavior [ RunTime:0.001001s ]
INFO: [ app_init ] --END-- [ RunTime:0.001001s ]
INFO: [ app_begin ] --START--
INFO: Run Behavior\ReadHtmlCacheBehavior [ RunTime:0.001000s ]
INFO: [ app_begin ] --END-- [ RunTime:0.001000s ]
NOTIC: [8192] mysql_connect(): The mysql extension is deprecated and will be removed in the future: use mysqli or PDO instead D:\wamp\www\ThinkPHP\Library\Think\Db\Driver\Mysql.class.php 第 52 行.
SQL: SHOW COLUMNS FROM `ft_dianzanans` [ RunTime:0.000000s ]
SQL: SHOW COLUMNS FROM `ft_answer` [ RunTime:0.000000s ]
SQL: SELECT * FROM `ft_dianzanans` WHERE `answerid` = 19 AND `userid` = 1 LIMIT 1   [ RunTime:0.000000s ]
SQL: DELETE FROM `ft_dianzanans` WHERE `id` = 12 [ RunTime:0.015600s ]
SQL: SELECT * FROM `ft_answer` WHERE `id` = 19 LIMIT 1   [ RunTime:0.000000s ]
SQL: UPDATE `ft_answer` SET `id`=19,`questionid`=23,`userid`=1,`username`='花花公子',`time`=1418548274,`content`='wahahah',`prisenum`=0,`adopt`=0,`picture`=null WHERE `id` = 19 [ RunTime:0.046800s ]

[ 2014-12-23T16:38:52+08:00 ] 127.0.0.1 /index.php/home/question/dianzan2
INFO: [ app_init ] --START--
INFO: Run Behavior\BuildLiteBehavior [ RunTime:0.001000s ]
INFO: [ app_init ] --END-- [ RunTime:0.001000s ]
INFO: [ app_begin ] --START--
INFO: Run Behavior\ReadHtmlCacheBehavior [ RunTime:0.000000s ]
INFO: [ app_begin ] --END-- [ RunTime:0.000000s ]
NOTIC: [8192] mysql_connect(): The mysql extension is deprecated and will be removed in the future: use mysqli or PDO instead D:\wamp\www\ThinkPHP\Library\Think\Db\Driver\Mysql.class.php 第 52 行.
SQL: SHOW COLUMNS FROM `ft_dianzanans` [ RunTime:0.000000s ]
SQL: SHOW COLUMNS FROM `ft_answer` [ RunTime:0.000000s ]
SQL: SELECT * FROM `ft_dianzanans` WHERE `answerid` = 19 AND `userid` = 1 LIMIT 1   [ RunTime:0.000000s ]
SQL: INSERT INTO `ft_dianzanans` (`answerid`,`userid`) VALUES (19,1) [ RunTime:0.000000s ]
SQL: SELECT * FROM `ft_answer` WHERE `id` = 19 LIMIT 1   [ RunTime:0.000000s ]
SQL: UPDATE `ft_answer` SET `id`=19,`questionid`=23,`userid`=1,`username`='花花公子',`time`=1418548274,`content`='wahahah',`prisenum`=1,`adopt`=0,`picture`=null WHERE `id` = 19 [ RunTime:0.062400s ]

[ 2014-12-23T16:38:52+08:00 ] 127.0.0.1 /index.php/home/question/dianzan2
INFO: [ app_init ] --START--
INFO: Run Behavior\BuildLiteBehavior [ RunTime:0.000000s ]
INFO: [ app_init ] --END-- [ RunTime:0.001000s ]
INFO: [ app_begin ] --START--
INFO: Run Behavior\ReadHtmlCacheBehavior [ RunTime:0.001000s ]
INFO: [ app_begin ] --END-- [ RunTime:0.001000s ]
NOTIC: [8192] mysql_connect(): The mysql extension is deprecated and will be removed in the future: use mysqli or PDO instead D:\wamp\www\ThinkPHP\Library\Think\Db\Driver\Mysql.class.php 第 52 行.
SQL: SHOW COLUMNS FROM `ft_dianzanans` [ RunTime:0.000000s ]
SQL: SHOW COLUMNS FROM `ft_answer` [ RunTime:0.000000s ]
SQL: SELECT * FROM `ft_dianzanans` WHERE `answerid` = 19 AND `userid` = 1 LIMIT 1   [ RunTime:0.000000s ]
SQL: DELETE FROM `ft_dianzanans` WHERE `id` = 13 [ RunTime:0.000000s ]
SQL: SELECT * FROM `ft_answer` WHERE `id` = 19 LIMIT 1   [ RunTime:0.000000s ]
SQL: UPDATE `ft_answer` SET `id`=19,`questionid`=23,`userid`=1,`username`='花花公子',`time`=1418548274,`content`='wahahah',`prisenum`=0,`adopt`=0,`picture`=null WHERE `id` = 19 [ RunTime:0.062400s ]

[ 2014-12-23T16:38:54+08:00 ] 127.0.0.1 /index.php/home/question/dianzan2
INFO: [ app_init ] --START--
INFO: Run Behavior\BuildLiteBehavior [ RunTime:0.000000s ]
INFO: [ app_init ] --END-- [ RunTime:0.001000s ]
INFO: [ app_begin ] --START--
INFO: Run Behavior\ReadHtmlCacheBehavior [ RunTime:0.000000s ]
INFO: [ app_begin ] --END-- [ RunTime:0.000000s ]
NOTIC: [8192] mysql_connect(): The mysql extension is deprecated and will be removed in the future: use mysqli or PDO instead D:\wamp\www\ThinkPHP\Library\Think\Db\Driver\Mysql.class.php 第 52 行.
SQL: SHOW COLUMNS FROM `ft_dianzanans` [ RunTime:0.000000s ]
SQL: SHOW COLUMNS FROM `ft_answer` [ RunTime:0.015600s ]
SQL: SELECT * FROM `ft_dianzanans` WHERE `answerid` = 19 AND `userid` = 1 LIMIT 1   [ RunTime:0.000000s ]
SQL: INSERT INTO `ft_dianzanans` (`answerid`,`userid`) VALUES (19,1) [ RunTime:0.000000s ]
SQL: SELECT * FROM `ft_answer` WHERE `id` = 19 LIMIT 1   [ RunTime:0.000000s ]
SQL: UPDATE `ft_answer` SET `id`=19,`questionid`=23,`userid`=1,`username`='花花公子',`time`=1418548274,`content`='wahahah',`prisenum`=1,`adopt`=0,`picture`=null WHERE `id` = 19 [ RunTime:0.218400s ]

[ 2014-12-23T16:38:54+08:00 ] 127.0.0.1 /index.php/home/question/dianzan2
INFO: [ app_init ] --START--
INFO: Run Behavior\BuildLiteBehavior [ RunTime:0.000000s ]
INFO: [ app_init ] --END-- [ RunTime:0.000000s ]
INFO: [ app_begin ] --START--
INFO: Run Behavior\ReadHtmlCacheBehavior [ RunTime:0.000000s ]
INFO: [ app_begin ] --END-- [ RunTime:0.001000s ]
NOTIC: [8192] mysql_connect(): The mysql extension is deprecated and will be removed in the future: use mysqli or PDO instead D:\wamp\www\ThinkPHP\Library\Think\Db\Driver\Mysql.class.php 第 52 行.
SQL: SHOW COLUMNS FROM `ft_dianzanans` [ RunTime:0.000000s ]
SQL: SHOW COLUMNS FROM `ft_answer` [ RunTime:0.000000s ]
SQL: SELECT * FROM `ft_dianzanans` WHERE `answerid` = 19 AND `userid` = 1 LIMIT 1   [ RunTime:0.000000s ]
SQL: DELETE FROM `ft_dianzanans` WHERE `id` = 14 [ RunTime:0.000000s ]
SQL: SELECT * FROM `ft_answer` WHERE `id` = 19 LIMIT 1   [ RunTime:0.000000s ]
SQL: UPDATE `ft_answer` SET `id`=19,`questionid`=23,`userid`=1,`username`='花花公子',`time`=1418548274,`content`='wahahah',`prisenum`=0,`adopt`=0,`picture`=null WHERE `id` = 19 [ RunTime:0.031200s ]

[ 2014-12-23T16:38:56+08:00 ] 127.0.0.1 /index.php/home/question/dianzan2
INFO: [ app_init ] --START--
INFO: Run Behavior\BuildLiteBehavior [ RunTime:0.000000s ]
INFO: [ app_init ] --END-- [ RunTime:0.001000s ]
INFO: [ app_begin ] --START--
INFO: Run Behavior\ReadHtmlCacheBehavior [ RunTime:0.001001s ]
INFO: [ app_begin ] --END-- [ RunTime:0.001001s ]
NOTIC: [8192] mysql_connect(): The mysql extension is deprecated and will be removed in the future: use mysqli or PDO instead D:\wamp\www\ThinkPHP\Library\Think\Db\Driver\Mysql.class.php 第 52 行.
SQL: SHOW COLUMNS FROM `ft_dianzanans` [ RunTime:0.000000s ]
SQL: SHOW COLUMNS FROM `ft_answer` [ RunTime:0.000000s ]
SQL: SELECT * FROM `ft_dianzanans` WHERE `answerid` = 19 AND `userid` = 1 LIMIT 1   [ RunTime:0.000000s ]
SQL: INSERT INTO `ft_dianzanans` (`answerid`,`userid`) VALUES (19,1) [ RunTime:0.000000s ]
SQL: SELECT * FROM `ft_answer` WHERE `id` = 19 LIMIT 1   [ RunTime:0.000000s ]
SQL: UPDATE `ft_answer` SET `id`=19,`questionid`=23,`userid`=1,`username`='花花公子',`time`=1418548274,`content`='wahahah',`prisenum`=1,`adopt`=0,`picture`=null WHERE `id` = 19 [ RunTime:0.093600s ]

[ 2014-12-23T16:38:56+08:00 ] 127.0.0.1 /index.php/home/question/dianzan2
INFO: [ app_init ] --START--
INFO: Run Behavior\BuildLiteBehavior [ RunTime:0.000000s ]
INFO: [ app_init ] --END-- [ RunTime:0.001000s ]
INFO: [ app_begin ] --START--
INFO: Run Behavior\ReadHtmlCacheBehavior [ RunTime:0.000000s ]
INFO: [ app_begin ] --END-- [ RunTime:0.000000s ]
NOTIC: [8192] mysql_connect(): The mysql extension is deprecated and will be removed in the future: use mysqli or PDO instead D:\wamp\www\ThinkPHP\Library\Think\Db\Driver\Mysql.class.php 第 52 行.
SQL: SHOW COLUMNS FROM `ft_dianzanans` [ RunTime:0.000000s ]
SQL: SHOW COLUMNS FROM `ft_answer` [ RunTime:0.000000s ]
SQL: SELECT * FROM `ft_dianzanans` WHERE `answerid` = 19 AND `userid` = 1 LIMIT 1   [ RunTime:0.000000s ]
SQL: DELETE FROM `ft_dianzanans` WHERE `id` = 15 [ RunTime:0.000000s ]
SQL: SELECT * FROM `ft_answer` WHERE `id` = 19 LIMIT 1   [ RunTime:0.000000s ]
SQL: UPDATE `ft_answer` SET `id`=19,`questionid`=23,`userid`=1,`username`='花花公子',`time`=1418548274,`content`='wahahah',`prisenum`=0,`adopt`=0,`picture`=null WHERE `id` = 19 [ RunTime:0.062400s ]

[ 2014-12-23T16:39:02+08:00 ] 127.0.0.1 /index.php/home/question/dianzan
INFO: [ app_init ] --START--
INFO: Run Behavior\BuildLiteBehavior [ RunTime:0.000000s ]
INFO: [ app_init ] --END-- [ RunTime:0.001000s ]
INFO: [ app_begin ] --START--
INFO: Run Behavior\ReadHtmlCacheBehavior [ RunTime:0.000000s ]
INFO: [ app_begin ] --END-- [ RunTime:0.000000s ]
NOTIC: [8192] mysql_connect(): The mysql extension is deprecated and will be removed in the future: use mysqli or PDO instead D:\wamp\www\ThinkPHP\Library\Think\Db\Driver\Mysql.class.php 第 52 行.
SQL: SHOW COLUMNS FROM `ft_dianzan` [ RunTime:0.031200s ]
SQL: SHOW COLUMNS FROM `ft_question` [ RunTime:0.015600s ]
SQL: SELECT * FROM `ft_dianzan` WHERE `questionid` = 23 AND `userid` = 1 LIMIT 1   [ RunTime:0.000000s ]
SQL: INSERT INTO `ft_dianzan` (`questionid`,`userid`) VALUES (23,1) [ RunTime:0.000000s ]
SQL: SELECT * FROM `ft_question` WHERE `id` = 23 LIMIT 1   [ RunTime:0.000000s ]
SQL: UPDATE `ft_question` SET `id`=23,`userid`='1',`username`='花花公子',`title`='wahh',`content`='weq',`coin`=20,`answerid`=0,`answernum`=1,`prisenum`=1,`sellectnum`=1,`picture`='/picture/wenti/2014-12-14/548d541ba15cd.jpg',`C`=0,`JAVA`=0,`PHP`=1,`time`=1418548251 WHERE `id` = 23 [ RunTime:0.000000s ]

[ 2014-12-23T16:39:02+08:00 ] 127.0.0.1 /index.php/home/question/dianzan
INFO: [ app_init ] --START--
INFO: Run Behavior\BuildLiteBehavior [ RunTime:0.000000s ]
INFO: [ app_init ] --END-- [ RunTime:0.000000s ]
INFO: [ app_begin ] --START--
INFO: Run Behavior\ReadHtmlCacheBehavior [ RunTime:0.000000s ]
INFO: [ app_begin ] --END-- [ RunTime:0.001000s ]
NOTIC: [8192] mysql_connect(): The mysql extension is deprecated and will be removed in the future: use mysqli or PDO instead D:\wamp\www\ThinkPHP\Library\Think\Db\Driver\Mysql.class.php 第 52 行.
SQL: SHOW COLUMNS FROM `ft_dianzan` [ RunTime:0.000000s ]
SQL: SHOW COLUMNS FROM `ft_question` [ RunTime:0.000000s ]
SQL: SELECT * FROM `ft_dianzan` WHERE `questionid` = 23 AND `userid` = 1 LIMIT 1   [ RunTime:0.000000s ]
SQL: DELETE FROM `ft_dianzan` WHERE `id` = 20 [ RunTime:0.000000s ]
SQL: SELECT * FROM `ft_question` WHERE `id` = 23 LIMIT 1   [ RunTime:0.000000s ]
SQL: UPDATE `ft_question` SET `id`=23,`userid`='1',`username`='花花公子',`title`='wahh',`content`='weq',`coin`=20,`answerid`=0,`answernum`=1,`prisenum`=0,`sellectnum`=1,`picture`='/picture/wenti/2014-12-14/548d541ba15cd.jpg',`C`=0,`JAVA`=0,`PHP`=1,`time`=1418548251 WHERE `id` = 23 [ RunTime:0.000000s ]

[ 2014-12-23T16:39:05+08:00 ] 127.0.0.1 /index.php/home/question/shoucang
INFO: [ app_init ] --START--
INFO: Run Behavior\BuildLiteBehavior [ RunTime:0.000000s ]
INFO: [ app_init ] --END-- [ RunTime:0.001000s ]
INFO: [ app_begin ] --START--
INFO: Run Behavior\ReadHtmlCacheBehavior [ RunTime:0.000000s ]
INFO: [ app_begin ] --END-- [ RunTime:0.001000s ]
NOTIC: [8192] mysql_connect(): The mysql extension is deprecated and will be removed in the future: use mysqli or PDO instead D:\wamp\www\ThinkPHP\Library\Think\Db\Driver\Mysql.class.php 第 52 行.
SQL: SHOW COLUMNS FROM `ft_fav` [ RunTime:0.034002s ]
SQL: SHOW COLUMNS FROM `ft_question` [ RunTime:0.004000s ]
SQL: SELECT * FROM `ft_fav` WHERE `questionid` = 23 AND `userid` = 1 LIMIT 1   [ RunTime:0.000000s ]
SQL: DELETE FROM `ft_fav` WHERE `id` = 17 [ RunTime:0.001000s ]
SQL: SELECT * FROM `ft_question` WHERE `id` = 23 LIMIT 1   [ RunTime:0.001000s ]
SQL: UPDATE `ft_question` SET `id`=23,`userid`='1',`username`='花花公子',`title`='wahh',`content`='weq',`coin`=20,`answerid`=0,`answernum`=1,`prisenum`=0,`sellectnum`=0,`picture`='/picture/wenti/2014-12-14/548d541ba15cd.jpg',`C`=0,`JAVA`=0,`PHP`=1,`time`=1418548251 WHERE `id` = 23 [ RunTime:0.001000s ]

[ 2014-12-23T17:08:29+08:00 ] 127.0.0.1 /index.php/home/user/index?id=1
INFO: [ app_init ] --START--
INFO: Run Behavior\BuildLiteBehavior [ RunTime:0.000000s ]
INFO: [ app_init ] --END-- [ RunTime:0.001000s ]
INFO: [ app_begin ] --START--
INFO: Run Behavior\ReadHtmlCacheBehavior [ RunTime:0.000000s ]
INFO: [ app_begin ] --END-- [ RunTime:0.001000s ]
NOTIC: [8192] mysql_connect(): The mysql extension is deprecated and will be removed in the future: use mysqli or PDO instead D:\wamp\www\ThinkPHP\Library\Think\Db\Driver\Mysql.class.php 第 52 行.
SQL: SHOW COLUMNS FROM `ft_user` [ RunTime:0.004000s ]
SQL: SELECT * FROM `ft_user` WHERE `id` = 1 LIMIT 1   [ RunTime:0.000000s ]
SQL: SHOW COLUMNS FROM `ft_question` [ RunTime:0.003000s ]
SQL: SELECT * FROM `ft_question` WHERE `userid` = '1' ORDER BY time desc  [ RunTime:0.001000s ]
SQL: SHOW COLUMNS FROM `ft_fav` [ RunTime:0.003000s ]
SQL: SELECT * FROM `ft_fav` WHERE `userid` = 1 ORDER BY id desc  [ RunTime:0.000000s ]
SQL: SELECT * FROM `ft_question` WHERE `id` = 22 LIMIT 1   [ RunTime:0.000000s ]
SQL: SELECT * FROM `ft_question` WHERE `id` = 1 LIMIT 1   [ RunTime:0.000000s ]
SQL: SELECT * FROM `ft_question` WHERE `id` = 19 LIMIT 1   [ RunTime:0.001000s ]
SQL: SELECT * FROM `ft_question` WHERE `id` = 21 LIMIT 1   [ RunTime:0.000000s ]
SQL: SELECT * FROM `ft_question` WHERE `id` = 17 LIMIT 1   [ RunTime:0.001000s ]
SQL: SELECT * FROM `ft_question` WHERE `id` = 16 LIMIT 1   [ RunTime:0.001000s ]
SQL: SELECT * FROM `ft_question` WHERE `id` = 4 LIMIT 1   [ RunTime:0.001000s ]
SQL: SELECT * FROM `ft_question` WHERE `id` = 6 LIMIT 1   [ RunTime:0.000000s ]
SQL: SELECT * FROM `ft_question` WHERE `id` = 2 LIMIT 1   [ RunTime:0.000000s ]
SQL: SELECT * FROM `ft_question` WHERE `id` = 7 LIMIT 1   [ RunTime:0.000000s ]
SQL: SELECT * FROM `ft_question` WHERE `id` = 8 LIMIT 1   [ RunTime:0.000000s ]
INFO: [ view_parse ] --START--
INFO: [ template_filter ] --START--
INFO: Run Behavior\ContentReplaceBehavior [ RunTime:0.000000s ]
INFO: [ template_filter ] --END-- [ RunTime:0.000000s ]
INFO: Run Behavior\ParseTemplateBehavior [ RunTime:0.026001s ]
INFO: [ view_parse ] --END-- [ RunTime:0.026001s ]
INFO: [ view_filter ] --START--
INFO: Run Behavior\WriteHtmlCacheBehavior [ RunTime:0.001000s ]
INFO: [ view_filter ] --END-- [ RunTime:0.001000s ]
INFO: [ app_end ] --START--
INFO: Run Behavior\ShowPageTraceBehavior [ RunTime:0.001000s ]
INFO: [ app_end ] --END-- [ RunTime:0.001000s ]

[ 2014-12-23T17:08:52+08:00 ] 127.0.0.1 /index.php/home/user/index?id=1
INFO: [ app_init ] --START--
INFO: Run Behavior\BuildLiteBehavior [ RunTime:0.000000s ]
INFO: [ app_init ] --END-- [ RunTime:0.001000s ]
INFO: [ app_begin ] --START--
INFO: Run Behavior\ReadHtmlCacheBehavior [ RunTime:0.000000s ]
INFO: [ app_begin ] --END-- [ RunTime:0.000000s ]
NOTIC: [8192] mysql_connect(): The mysql extension is deprecated and will be removed in the future: use mysqli or PDO instead D:\wamp\www\ThinkPHP\Library\Think\Db\Driver\Mysql.class.php 第 52 行.
SQL: SHOW COLUMNS FROM `ft_user` [ RunTime:0.003000s ]
SQL: SELECT * FROM `ft_user` WHERE `id` = 1 LIMIT 1   [ RunTime:0.000000s ]
SQL: SHOW COLUMNS FROM `ft_question` [ RunTime:0.003000s ]
SQL: SELECT * FROM `ft_question` WHERE `userid` = '1' ORDER BY time desc  [ RunTime:0.000000s ]
SQL: SHOW COLUMNS FROM `ft_fav` [ RunTime:0.002000s ]
SQL: SELECT * FROM `ft_fav` WHERE `userid` = 1 ORDER BY id desc  [ RunTime:0.000000s ]
SQL: SELECT * FROM `ft_question` WHERE `id` = 22 LIMIT 1   [ RunTime:0.000000s ]
SQL: SELECT * FROM `ft_question` WHERE `id` = 1 LIMIT 1   [ RunTime:0.000000s ]
SQL: SELECT * FROM `ft_question` WHERE `id` = 19 LIMIT 1   [ RunTime:0.000000s ]
SQL: SELECT * FROM `ft_question` WHERE `id` = 21 LIMIT 1   [ RunTime:0.000000s ]
SQL: SELECT * FROM `ft_question` WHERE `id` = 17 LIMIT 1   [ RunTime:0.000000s ]
SQL: SELECT * FROM `ft_question` WHERE `id` = 16 LIMIT 1   [ RunTime:0.001000s ]
SQL: SELECT * FROM `ft_question` WHERE `id` = 4 LIMIT 1   [ RunTime:0.000000s ]
SQL: SELECT * FROM `ft_question` WHERE `id` = 6 LIMIT 1   [ RunTime:0.000000s ]
SQL: SELECT * FROM `ft_question` WHERE `id` = 2 LIMIT 1   [ RunTime:0.000000s ]
SQL: SELECT * FROM `ft_question` WHERE `id` = 7 LIMIT 1   [ RunTime:0.000000s ]
SQL: SELECT * FROM `ft_question` WHERE `id` = 8 LIMIT 1   [ RunTime:0.001000s ]
INFO: [ view_parse ] --START--
INFO: [ template_filter ] --START--
INFO: Run Behavior\ContentReplaceBehavior [ RunTime:0.000000s ]
INFO: [ template_filter ] --END-- [ RunTime:0.000000s ]
INFO: Run Behavior\ParseTemplateBehavior [ RunTime:0.026001s ]
INFO: [ view_parse ] --END-- [ RunTime:0.026001s ]
INFO: [ view_filter ] --START--
INFO: Run Behavior\WriteHtmlCacheBehavior [ RunTime:0.000000s ]
INFO: [ view_filter ] --END-- [ RunTime:0.000000s ]
INFO: [ app_end ] --START--
INFO: Run Behavior\ShowPageTraceBehavior [ RunTime:0.001000s ]
INFO: [ app_end ] --END-- [ RunTime:0.001000s ]

[ 2014-12-23T17:09:02+08:00 ] 127.0.0.1 /index.php/home/user/index?id=1
INFO: [ app_init ] --START--
INFO: Run Behavior\BuildLiteBehavior [ RunTime:0.000000s ]
INFO: [ app_init ] --END-- [ RunTime:0.000000s ]
INFO: [ app_begin ] --START--
INFO: Run Behavior\ReadHtmlCacheBehavior [ RunTime:0.001001s ]
INFO: [ app_begin ] --END-- [ RunTime:0.001001s ]
NOTIC: [8192] mysql_connect(): The mysql extension is deprecated and will be removed in the future: use mysqli or PDO instead D:\wamp\www\ThinkPHP\Library\Think\Db\Driver\Mysql.class.php 第 52 行.
SQL: SHOW COLUMNS FROM `ft_user` [ RunTime:0.003000s ]
SQL: SELECT * FROM `ft_user` WHERE `id` = 1 LIMIT 1   [ RunTime:0.001000s ]
SQL: SHOW COLUMNS FROM `ft_question` [ RunTime:0.003000s ]
SQL: SELECT * FROM `ft_question` WHERE `userid` = '1' ORDER BY time desc  [ RunTime:0.000000s ]
SQL: SHOW COLUMNS FROM `ft_fav` [ RunTime:0.003000s ]
SQL: SELECT * FROM `ft_fav` WHERE `userid` = 1 ORDER BY id desc  [ RunTime:0.001000s ]
SQL: SELECT * FROM `ft_question` WHERE `id` = 22 LIMIT 1   [ RunTime:0.001000s ]
SQL: SELECT * FROM `ft_question` WHERE `id` = 1 LIMIT 1   [ RunTime:0.000000s ]
SQL: SELECT * FROM `ft_question` WHERE `id` = 19 LIMIT 1   [ RunTime:0.000000s ]
SQL: SELECT * FROM `ft_question` WHERE `id` = 21 LIMIT 1   [ RunTime:0.000000s ]
SQL: SELECT * FROM `ft_question` WHERE `id` = 17 LIMIT 1   [ RunTime:0.000000s ]
SQL: SELECT * FROM `ft_question` WHERE `id` = 16 LIMIT 1   [ RunTime:0.001000s ]
SQL: SELECT * FROM `ft_question` WHERE `id` = 4 LIMIT 1   [ RunTime:0.000000s ]
SQL: SELECT * FROM `ft_question` WHERE `id` = 6 LIMIT 1   [ RunTime:0.000000s ]
SQL: SELECT * FROM `ft_question` WHERE `id` = 2 LIMIT 1   [ RunTime:0.000000s ]
SQL: SELECT * FROM `ft_question` WHERE `id` = 7 LIMIT 1   [ RunTime:0.001000s ]
SQL: SELECT * FROM `ft_question` WHERE `id` = 8 LIMIT 1   [ RunTime:0.001000s ]
INFO: [ view_parse ] --START--
INFO: [ template_filter ] --START--
INFO: Run Behavior\ContentReplaceBehavior [ RunTime:0.001000s ]
INFO: [ template_filter ] --END-- [ RunTime:0.001000s ]
INFO: Run Behavior\ParseTemplateBehavior [ RunTime:0.026001s ]
INFO: [ view_parse ] --END-- [ RunTime:0.026001s ]
INFO: [ view_filter ] --START--
INFO: Run Behavior\WriteHtmlCacheBehavior [ RunTime:0.001000s ]
INFO: [ view_filter ] --END-- [ RunTime:0.001000s ]
INFO: [ app_end ] --START--
INFO: Run Behavior\ShowPageTraceBehavior [ RunTime:0.001000s ]
INFO: [ app_end ] --END-- [ RunTime:0.001000s ]

[ 2014-12-23T17:13:41+08:00 ] 127.0.0.1 /index.php/home/question/index?id=23
INFO: [ app_init ] --START--
INFO: Run Behavior\BuildLiteBehavior [ RunTime:0.000000s ]
INFO: [ app_init ] --END-- [ RunTime:0.001000s ]
INFO: [ app_begin ] --START--
INFO: Run Behavior\ReadHtmlCacheBehavior [ RunTime:0.001000s ]
INFO: [ app_begin ] --END-- [ RunTime:0.001000s ]
NOTIC: [8192] mysql_connect(): The mysql extension is deprecated and will be removed in the future: use mysqli or PDO instead D:\wamp\www\ThinkPHP\Library\Think\Db\Driver\Mysql.class.php 第 52 行.
SQL: SHOW COLUMNS FROM `ft_question` [ RunTime:0.004001s ]
SQL: SHOW COLUMNS FROM `ft_answer` [ RunTime:0.003000s ]
SQL: SELECT * FROM `ft_question` WHERE `id` = 23 LIMIT 1   [ RunTime:0.000000s ]
SQL: SELECT * FROM `ft_answer` WHERE `questionid` = 23  [ RunTime:0.000000s ]
INFO: [ view_parse ] --START--
INFO: [ template_filter ] --START--
INFO: Run Behavior\ContentReplaceBehavior [ RunTime:0.001000s ]
INFO: [ template_filter ] --END-- [ RunTime:0.001000s ]
INFO: Run Behavior\ParseTemplateBehavior [ RunTime:0.013001s ]
INFO: [ view_parse ] --END-- [ RunTime:0.013001s ]
INFO: [ view_filter ] --START--
INFO: Run Behavior\WriteHtmlCacheBehavior [ RunTime:0.000000s ]
INFO: [ view_filter ] --END-- [ RunTime:0.000000s ]
INFO: [ app_end ] --START--
INFO: Run Behavior\ShowPageTraceBehavior [ RunTime:0.000000s ]
INFO: [ app_end ] --END-- [ RunTime:0.001000s ]

[ 2014-12-23T17:13:45+08:00 ] 127.0.0.1 /index.php/home/question/index?id=25
INFO: [ app_init ] --START--
INFO: Run Behavior\BuildLiteBehavior [ RunTime:0.000000s ]
INFO: [ app_init ] --END-- [ RunTime:0.000000s ]
INFO: [ app_begin ] --START--
INFO: Run Behavior\ReadHtmlCacheBehavior [ RunTime:0.001000s ]
INFO: [ app_begin ] --END-- [ RunTime:0.001000s ]
NOTIC: [8192] mysql_connect(): The mysql extension is deprecated and will be removed in the future: use mysqli or PDO instead D:\wamp\www\ThinkPHP\Library\Think\Db\Driver\Mysql.class.php 第 52 行.
SQL: SHOW COLUMNS FROM `ft_question` [ RunTime:0.003000s ]
SQL: SHOW COLUMNS FROM `ft_answer` [ RunTime:0.003000s ]
SQL: SELECT * FROM `ft_question` WHERE `id` = 25 LIMIT 1   [ RunTime:0.000000s ]
SQL: SELECT * FROM `ft_answer` WHERE `questionid` = 25  [ RunTime:0.000000s ]
INFO: [ view_parse ] --START--
INFO: [ template_filter ] --START--
INFO: Run Behavior\ContentReplaceBehavior [ RunTime:0.000000s ]
INFO: [ template_filter ] --END-- [ RunTime:0.000000s ]
NOTIC: [2] Invalid argument supplied for foreach() D:\wamp\www\Application\Runtime\Cache\Home\00a4151b6f13762c02e9d8b9f0e9ad6e.php 第 152 行.
INFO: Run Behavior\ParseTemplateBehavior [ RunTime:0.013001s ]
INFO: [ view_parse ] --END-- [ RunTime:0.013001s ]
INFO: [ view_filter ] --START--
INFO: Run Behavior\WriteHtmlCacheBehavior [ RunTime:0.000000s ]
INFO: [ view_filter ] --END-- [ RunTime:0.000000s ]
INFO: [ app_end ] --START--
INFO: Run Behavior\ShowPageTraceBehavior [ RunTime:0.000000s ]
INFO: [ app_end ] --END-- [ RunTime:0.000000s ]

[ 2014-12-23T17:13:55+08:00 ] 127.0.0.1 /index.php/home/question/index?id=100
INFO: [ app_init ] --START--
INFO: Run Behavior\BuildLiteBehavior [ RunTime:0.000000s ]
INFO: [ app_init ] --END-- [ RunTime:0.001000s ]
INFO: [ app_begin ] --START--
INFO: Run Behavior\ReadHtmlCacheBehavior [ RunTime:0.001000s ]
INFO: [ app_begin ] --END-- [ RunTime:0.001000s ]
NOTIC: [8192] mysql_connect(): The mysql extension is deprecated and will be removed in the future: use mysqli or PDO instead D:\wamp\www\ThinkPHP\Library\Think\Db\Driver\Mysql.class.php 第 52 行.
SQL: SHOW COLUMNS FROM `ft_question` [ RunTime:0.005001s ]
SQL: SHOW COLUMNS FROM `ft_answer` [ RunTime:0.004000s ]
SQL: SELECT * FROM `ft_question` WHERE `id` = 100 LIMIT 1   [ RunTime:0.000000s ]
SQL: SELECT * FROM `ft_answer` WHERE `questionid` = 100  [ RunTime:0.000000s ]
INFO: [ view_parse ] --START--
INFO: [ template_filter ] --START--
INFO: Run Behavior\ContentReplaceBehavior [ RunTime:0.000000s ]
INFO: [ template_filter ] --END-- [ RunTime:0.001000s ]
NOTIC: [2] Invalid argument supplied for foreach() D:\wamp\www\Application\Runtime\Cache\Home\00a4151b6f13762c02e9d8b9f0e9ad6e.php 第 152 行.
INFO: Run Behavior\ParseTemplateBehavior [ RunTime:0.017001s ]
INFO: [ view_parse ] --END-- [ RunTime:0.017001s ]
INFO: [ view_filter ] --START--
INFO: Run Behavior\WriteHtmlCacheBehavior [ RunTime:0.000000s ]
INFO: [ view_filter ] --END-- [ RunTime:0.001000s ]
INFO: [ app_end ] --START--
INFO: Run Behavior\ShowPageTraceBehavior [ RunTime:0.001000s ]
INFO: [ app_end ] --END-- [ RunTime:0.001000s ]

[ 2014-12-23T17:13:58+08:00 ] 127.0.0.1 /index.php/home/question/dianzan
INFO: [ app_init ] --START--
INFO: Run Behavior\BuildLiteBehavior [ RunTime:0.000000s ]
INFO: [ app_init ] --END-- [ RunTime:0.001000s ]
INFO: [ app_begin ] --START--
INFO: Run Behavior\ReadHtmlCacheBehavior [ RunTime:0.001000s ]
INFO: [ app_begin ] --END-- [ RunTime:0.001000s ]
NOTIC: [8192] mysql_connect(): The mysql extension is deprecated and will be removed in the future: use mysqli or PDO instead D:\wamp\www\ThinkPHP\Library\Think\Db\Driver\Mysql.class.php 第 52 行.
SQL: SHOW COLUMNS FROM `ft_dianzan` [ RunTime:0.004000s ]
SQL: SHOW COLUMNS FROM `ft_question` [ RunTime:0.003000s ]
SQL: SELECT * FROM `ft_dianzan` WHERE `questionid` = 0 AND `userid` = 1 LIMIT 1   [ RunTime:0.000000s ]
SQL: INSERT INTO `ft_dianzan` (`questionid`,`userid`) VALUES (0,1) [ RunTime:0.000000s ]
SQL: SELECT * FROM `ft_question` WHERE `id` = 0 LIMIT 1   [ RunTime:0.000000s ]
SQL: UPDATE `ft_question` SET `prisenum`=1 WHERE `id` = 0 [ RunTime:0.001000s ]

[ 2014-12-23T17:13:58+08:00 ] 127.0.0.1 /index.php/home/question/dianzan
INFO: [ app_init ] --START--
INFO: Run Behavior\BuildLiteBehavior [ RunTime:0.001000s ]
INFO: [ app_init ] --END-- [ RunTime:0.001000s ]
INFO: [ app_begin ] --START--
INFO: Run Behavior\ReadHtmlCacheBehavior [ RunTime:0.001000s ]
INFO: [ app_begin ] --END-- [ RunTime:0.001000s ]
NOTIC: [8192] mysql_connect(): The mysql extension is deprecated and will be removed in the future: use mysqli or PDO instead D:\wamp\www\ThinkPHP\Library\Think\Db\Driver\Mysql.class.php 第 52 行.
SQL: SHOW COLUMNS FROM `ft_dianzan` [ RunTime:0.003000s ]
SQL: SHOW COLUMNS FROM `ft_question` [ RunTime:0.003000s ]
SQL: SELECT * FROM `ft_dianzan` WHERE `questionid` = 0 AND `userid` = 1 LIMIT 1   [ RunTime:0.000000s ]
SQL: DELETE FROM `ft_dianzan` WHERE `id` = 21 [ RunTime:0.001000s ]
SQL: SELECT * FROM `ft_question` WHERE `id` = 0 LIMIT 1   [ RunTime:0.000000s ]
SQL: UPDATE `ft_question` SET `prisenum`=-1 WHERE `id` = 0 [ RunTime:0.069004s ]

[ 2014-12-23T17:13:59+08:00 ] 127.0.0.1 /index.php/home/question/dianzan
INFO: [ app_init ] --START--
INFO: Run Behavior\BuildLiteBehavior [ RunTime:0.000000s ]
INFO: [ app_init ] --END-- [ RunTime:0.001000s ]
INFO: [ app_begin ] --START--
INFO: Run Behavior\ReadHtmlCacheBehavior [ RunTime:0.001000s ]
INFO: [ app_begin ] --END-- [ RunTime:0.001000s ]
NOTIC: [8192] mysql_connect(): The mysql extension is deprecated and will be removed in the future: use mysqli or PDO instead D:\wamp\www\ThinkPHP\Library\Think\Db\Driver\Mysql.class.php 第 52 行.
SQL: SHOW COLUMNS FROM `ft_dianzan` [ RunTime:0.003000s ]
SQL: SHOW COLUMNS FROM `ft_question` [ RunTime:0.003000s ]
SQL: SELECT * FROM `ft_dianzan` WHERE `questionid` = 0 AND `userid` = 1 LIMIT 1   [ RunTime:0.001000s ]
SQL: INSERT INTO `ft_dianzan` (`questionid`,`userid`) VALUES (0,1) [ RunTime:0.001000s ]
SQL: SELECT * FROM `ft_question` WHERE `id` = 0 LIMIT 1   [ RunTime:0.000000s ]
SQL: UPDATE `ft_question` SET `prisenum`=1 WHERE `id` = 0 [ RunTime:0.000000s ]

[ 2014-12-23T17:14:01+08:00 ] 127.0.0.1 /index.php/home/question/dianzan
INFO: [ app_init ] --START--
INFO: Run Behavior\BuildLiteBehavior [ RunTime:0.000000s ]
INFO: [ app_init ] --END-- [ RunTime:0.001000s ]
INFO: [ app_begin ] --START--
INFO: Run Behavior\ReadHtmlCacheBehavior [ RunTime:0.000000s ]
INFO: [ app_begin ] --END-- [ RunTime:0.000000s ]
NOTIC: [8192] mysql_connect(): The mysql extension is deprecated and will be removed in the future: use mysqli or PDO instead D:\wamp\www\ThinkPHP\Library\Think\Db\Driver\Mysql.class.php 第 52 行.
SQL: SHOW COLUMNS FROM `ft_dianzan` [ RunTime:0.003000s ]
SQL: SHOW COLUMNS FROM `ft_question` [ RunTime:0.003000s ]
SQL: SELECT * FROM `ft_dianzan` WHERE `questionid` = 0 AND `userid` = 1 LIMIT 1   [ RunTime:0.001000s ]
SQL: DELETE FROM `ft_dianzan` WHERE `id` = 22 [ RunTime:0.000000s ]
SQL: SELECT * FROM `ft_question` WHERE `id` = 0 LIMIT 1   [ RunTime:0.000000s ]
SQL: UPDATE `ft_question` SET `prisenum`=-1 WHERE `id` = 0 [ RunTime:0.000000s ]

[ 2014-12-23T17:14:18+08:00 ] 127.0.0.1 /index.php/home/index/index
INFO: [ app_init ] --START--
INFO: Run Behavior\BuildLiteBehavior [ RunTime:0.000000s ]
INFO: [ app_init ] --END-- [ RunTime:0.000000s ]
INFO: [ app_begin ] --START--
INFO: Run Behavior\ReadHtmlCacheBehavior [ RunTime:0.001000s ]
INFO: [ app_begin ] --END-- [ RunTime:0.001000s ]
NOTIC: [8192] mysql_connect(): The mysql extension is deprecated and will be removed in the future: use mysqli or PDO instead D:\wamp\www\ThinkPHP\Library\Think\Db\Driver\Mysql.class.php 第 52 行.
SQL: SHOW COLUMNS FROM `ft_question` [ RunTime:0.004000s ]
SQL: SELECT * FROM `ft_question` ORDER BY time desc  [ RunTime:0.000000s ]
SQL: SELECT * FROM `ft_question` WHERE `time` >= 1418721258 ORDER BY answernum desc  [ RunTime:0.000000s ]
SQL: SELECT * FROM `ft_question` WHERE `answernum` = 0 ORDER BY time desc  [ RunTime:0.000000s ]
INFO: [ view_parse ] --START--
INFO: [ template_filter ] --START--
INFO: Run Behavior\ContentReplaceBehavior [ RunTime:0.000000s ]
INFO: [ template_filter ] --END-- [ RunTime:0.001000s ]
NOTIC: [2] Invalid argument supplied for foreach() D:\wamp\www\Application\Runtime\Cache\Home\2a94b8bda04ff446dcedd42276fc99ee.php 第 152 行.
INFO: Run Behavior\ParseTemplateBehavior [ RunTime:0.017001s ]
INFO: [ view_parse ] --END-- [ RunTime:0.017001s ]
INFO: [ view_filter ] --START--
INFO: Run Behavior\WriteHtmlCacheBehavior [ RunTime:0.000000s ]
INFO: [ view_filter ] --END-- [ RunTime:0.000000s ]
INFO: [ app_end ] --START--
INFO: Run Behavior\ShowPageTraceBehavior [ RunTime:0.000000s ]
INFO: [ app_end ] --END-- [ RunTime:0.000000s ]

[ 2014-12-23T17:14:19+08:00 ] 127.0.0.1 /index.php/home/question/index?id=23
INFO: [ app_init ] --START--
INFO: Run Behavior\BuildLiteBehavior [ RunTime:0.000000s ]
INFO: [ app_init ] --END-- [ RunTime:0.000000s ]
INFO: [ app_begin ] --START--
INFO: Run Behavior\ReadHtmlCacheBehavior [ RunTime:0.001000s ]
INFO: [ app_begin ] --END-- [ RunTime:0.001000s ]
NOTIC: [8192] mysql_connect(): The mysql extension is deprecated and will be removed in the future: use mysqli or PDO instead D:\wamp\www\ThinkPHP\Library\Think\Db\Driver\Mysql.class.php 第 52 行.
SQL: SHOW COLUMNS FROM `ft_question` [ RunTime:0.004000s ]
SQL: SHOW COLUMNS FROM `ft_answer` [ RunTime:0.003001s ]
SQL: SELECT * FROM `ft_question` WHERE `id` = 23 LIMIT 1   [ RunTime:0.001000s ]
SQL: SELECT * FROM `ft_answer` WHERE `questionid` = 23  [ RunTime:0.000000s ]
INFO: [ view_parse ] --START--
INFO: [ template_filter ] --START--
INFO: Run Behavior\ContentReplaceBehavior [ RunTime:0.000000s ]
INFO: [ template_filter ] --END-- [ RunTime:0.000000s ]
INFO: Run Behavior\ParseTemplateBehavior [ RunTime:0.012000s ]
INFO: [ view_parse ] --END-- [ RunTime:0.013001s ]
INFO: [ view_filter ] --START--
INFO: Run Behavior\WriteHtmlCacheBehavior [ RunTime:0.000000s ]
INFO: [ view_filter ] --END-- [ RunTime:0.000000s ]
INFO: [ app_end ] --START--
INFO: Run Behavior\ShowPageTraceBehavior [ RunTime:0.000000s ]
INFO: [ app_end ] --END-- [ RunTime:0.000000s ]

[ 2014-12-23T17:14:28+08:00 ] 127.0.0.1 /index.php/home/question/index?id=5800
INFO: [ app_init ] --START--
INFO: Run Behavior\BuildLiteBehavior [ RunTime:0.000000s ]
INFO: [ app_init ] --END-- [ RunTime:0.001000s ]
INFO: [ app_begin ] --START--
INFO: Run Behavior\ReadHtmlCacheBehavior [ RunTime:0.001000s ]
INFO: [ app_begin ] --END-- [ RunTime:0.001000s ]
NOTIC: [8192] mysql_connect(): The mysql extension is deprecated and will be removed in the future: use mysqli or PDO instead D:\wamp\www\ThinkPHP\Library\Think\Db\Driver\Mysql.class.php 第 52 行.
SQL: SHOW COLUMNS FROM `ft_question` [ RunTime:0.003000s ]
SQL: SHOW COLUMNS FROM `ft_answer` [ RunTime:0.003000s ]
SQL: SELECT * FROM `ft_question` WHERE `id` = 5800 LIMIT 1   [ RunTime:0.000000s ]
SQL: SELECT * FROM `ft_answer` WHERE `questionid` = 5800  [ RunTime:0.001000s ]
INFO: [ view_parse ] --START--
INFO: [ template_filter ] --START--
INFO: Run Behavior\ContentReplaceBehavior [ RunTime:0.000000s ]
INFO: [ template_filter ] --END-- [ RunTime:0.000000s ]
NOTIC: [2] Invalid argument supplied for foreach() D:\wamp\www\Application\Runtime\Cache\Home\00a4151b6f13762c02e9d8b9f0e9ad6e.php 第 152 行.
INFO: Run Behavior\ParseTemplateBehavior [ RunTime:0.013001s ]
INFO: [ view_parse ] --END-- [ RunTime:0.013001s ]
INFO: [ view_filter ] --START--
INFO: Run Behavior\WriteHtmlCacheBehavior [ RunTime:0.001000s ]
INFO: [ view_filter ] --END-- [ RunTime:0.001000s ]
INFO: [ app_end ] --START--
INFO: Run Behavior\ShowPageTraceBehavior [ RunTime:0.001000s ]
INFO: [ app_end ] --END-- [ RunTime:0.001000s ]

[ 2014-12-23T17:17:32+08:00 ] 127.0.0.1 /index.php/home/index/index
INFO: [ app_init ] --START--
INFO: Run Behavior\BuildLiteBehavior [ RunTime:0.000000s ]
INFO: [ app_init ] --END-- [ RunTime:0.000000s ]
INFO: [ app_begin ] --START--
INFO: Run Behavior\ReadHtmlCacheBehavior [ RunTime:0.001000s ]
INFO: [ app_begin ] --END-- [ RunTime:0.001000s ]
NOTIC: [8192] mysql_connect(): The mysql extension is deprecated and will be removed in the future: use mysqli or PDO instead D:\wamp\www\ThinkPHP\Library\Think\Db\Driver\Mysql.class.php 第 52 行.
SQL: SHOW COLUMNS FROM `ft_question` [ RunTime:0.003000s ]
SQL: SELECT * FROM `ft_question` ORDER BY time desc  [ RunTime:0.001000s ]
SQL: SELECT * FROM `ft_question` WHERE `time` >= 1418721452 ORDER BY answernum desc  [ RunTime:0.001000s ]
SQL: SELECT * FROM `ft_question` WHERE `answernum` = 0 ORDER BY time desc  [ RunTime:0.000000s ]
INFO: [ view_parse ] --START--
INFO: [ template_filter ] --START--
INFO: Run Behavior\ContentReplaceBehavior [ RunTime:0.000000s ]
INFO: [ template_filter ] --END-- [ RunTime:0.000000s ]
NOTIC: [2] Invalid argument supplied for foreach() D:\wamp\www\Application\Runtime\Cache\Home\2a94b8bda04ff446dcedd42276fc99ee.php 第 152 行.
INFO: Run Behavior\ParseTemplateBehavior [ RunTime:0.017001s ]
INFO: [ view_parse ] --END-- [ RunTime:0.017001s ]
INFO: [ view_filter ] --START--
INFO: Run Behavior\WriteHtmlCacheBehavior [ RunTime:0.001000s ]
INFO: [ view_filter ] --END-- [ RunTime:0.001000s ]
INFO: [ app_end ] --START--
INFO: Run Behavior\ShowPageTraceBehavior [ RunTime:0.001000s ]
INFO: [ app_end ] --END-- [ RunTime:0.001000s ]

[ 2014-12-23T17:18:13+08:00 ] 127.0.0.1 /index.php/home/index/index
INFO: [ app_init ] --START--
INFO: Run Behavior\BuildLiteBehavior [ RunTime:0.000000s ]
INFO: [ app_init ] --END-- [ RunTime:0.001000s ]
INFO: [ app_begin ] --START--
INFO: Run Behavior\ReadHtmlCacheBehavior [ RunTime:0.001000s ]
INFO: [ app_begin ] --END-- [ RunTime:0.001000s ]
NOTIC: [8192] mysql_connect(): The mysql extension is deprecated and will be removed in the future: use mysqli or PDO instead D:\wamp\www\ThinkPHP\Library\Think\Db\Driver\Mysql.class.php 第 52 行.
SQL: SHOW COLUMNS FROM `ft_question` [ RunTime:0.003000s ]
SQL: SELECT * FROM `ft_question` ORDER BY time desc  [ RunTime:0.000000s ]
SQL: SELECT * FROM `ft_question` WHERE `time` >= 1418721493 ORDER BY answernum desc  [ RunTime:0.000000s ]
SQL: SELECT * FROM `ft_question` WHERE `answernum` = 0 ORDER BY time desc  [ RunTime:0.000000s ]
INFO: [ view_parse ] --START--
INFO: [ template_filter ] --START--
INFO: Run Behavior\ContentReplaceBehavior [ RunTime:0.000000s ]
INFO: [ template_filter ] --END-- [ RunTime:0.000000s ]
NOTIC: [2] Invalid argument supplied for foreach() D:\wamp\www\Application\Runtime\Cache\Home\2a94b8bda04ff446dcedd42276fc99ee.php 第 152 行.
INFO: Run Behavior\ParseTemplateBehavior [ RunTime:0.018001s ]
INFO: [ view_parse ] --END-- [ RunTime:0.018001s ]
INFO: [ view_filter ] --START--
INFO: Run Behavior\WriteHtmlCacheBehavior [ RunTime:0.001000s ]
INFO: [ view_filter ] --END-- [ RunTime:0.001000s ]
INFO: [ app_end ] --START--
INFO: Run Behavior\ShowPageTraceBehavior [ RunTime:0.001000s ]
INFO: [ app_end ] --END-- [ RunTime:0.001000s ]

[ 2014-12-23T17:18:13+08:00 ] 127.0.0.1 /index.php/home/index/index
INFO: [ app_init ] --START--
INFO: Run Behavior\BuildLiteBehavior [ RunTime:0.000000s ]
INFO: [ app_init ] --END-- [ RunTime:0.001000s ]
INFO: [ app_begin ] --START--
INFO: Run Behavior\ReadHtmlCacheBehavior [ RunTime:0.001000s ]
INFO: [ app_begin ] --END-- [ RunTime:0.001000s ]
NOTIC: [8192] mysql_connect(): The mysql extension is deprecated and will be removed in the future: use mysqli or PDO instead D:\wamp\www\ThinkPHP\Library\Think\Db\Driver\Mysql.class.php 第 52 行.
SQL: SHOW COLUMNS FROM `ft_question` [ RunTime:0.004000s ]
SQL: SELECT * FROM `ft_question` ORDER BY time desc  [ RunTime:0.001000s ]
SQL: SELECT * FROM `ft_question` WHERE `time` >= 1418721493 ORDER BY answernum desc  [ RunTime:0.000000s ]
SQL: SELECT * FROM `ft_question` WHERE `answernum` = 0 ORDER BY time desc  [ RunTime:0.001000s ]
INFO: [ view_parse ] --START--
INFO: [ template_filter ] --START--
INFO: Run Behavior\ContentReplaceBehavior [ RunTime:0.000000s ]
INFO: [ template_filter ] --END-- [ RunTime:0.001000s ]
NOTIC: [2] Invalid argument supplied for foreach() D:\wamp\www\Application\Runtime\Cache\Home\2a94b8bda04ff446dcedd42276fc99ee.php 第 152 行.
INFO: Run Behavior\ParseTemplateBehavior [ RunTime:0.021001s ]
INFO: [ view_parse ] --END-- [ RunTime:0.022001s ]
INFO: [ view_filter ] --START--
INFO: Run Behavior\WriteHtmlCacheBehavior [ RunTime:0.001000s ]
INFO: [ view_filter ] --END-- [ RunTime:0.001000s ]
INFO: [ app_end ] --START--
INFO: Run Behavior\ShowPageTraceBehavior [ RunTime:0.001000s ]
INFO: [ app_end ] --END-- [ RunTime:0.001000s ]

[ 2014-12-23T17:19:50+08:00 ] 127.0.0.1 /index.php/home/index/index
INFO: [ app_init ] --START--
INFO: Run Behavior\BuildLiteBehavior [ RunTime:0.000000s ]
INFO: [ app_init ] --END-- [ RunTime:0.001000s ]
INFO: [ app_begin ] --START--
INFO: Run Behavior\ReadHtmlCacheBehavior [ RunTime:0.000000s ]
INFO: [ app_begin ] --END-- [ RunTime:0.001000s ]
NOTIC: [8192] mysql_connect(): The mysql extension is deprecated and will be removed in the future: use mysqli or PDO instead D:\wamp\www\ThinkPHP\Library\Think\Db\Driver\Mysql.class.php 第 52 行.
SQL: SHOW COLUMNS FROM `ft_question` [ RunTime:0.003000s ]
SQL: SELECT * FROM `ft_question` ORDER BY time desc  [ RunTime:0.000000s ]
SQL: SELECT * FROM `ft_question` WHERE `time` >= 1418721590 ORDER BY answernum desc  [ RunTime:0.001000s ]
SQL: SELECT * FROM `ft_question` WHERE `answernum` = 0 ORDER BY time desc  [ RunTime:0.001000s ]
INFO: [ view_parse ] --START--
INFO: [ template_filter ] --START--
INFO: Run Behavior\ContentReplaceBehavior [ RunTime:0.000000s ]
INFO: [ template_filter ] --END-- [ RunTime:0.000000s ]
NOTIC: [2] Invalid argument supplied for foreach() D:\wamp\www\Application\Runtime\Cache\Home\2a94b8bda04ff446dcedd42276fc99ee.php 第 152 行.
INFO: Run Behavior\ParseTemplateBehavior [ RunTime:0.017001s ]
INFO: [ view_parse ] --END-- [ RunTime:0.017001s ]
INFO: [ view_filter ] --START--
INFO: Run Behavior\WriteHtmlCacheBehavior [ RunTime:0.001000s ]
INFO: [ view_filter ] --END-- [ RunTime:0.001000s ]
INFO: [ app_end ] --START--
INFO: Run Behavior\ShowPageTraceBehavior [ RunTime:0.001000s ]
INFO: [ app_end ] --END-- [ RunTime:0.001000s ]

[ 2014-12-23T17:22:05+08:00 ] 127.0.0.1 /index.php/home/index/index
INFO: [ app_init ] --START--
INFO: Run Behavior\BuildLiteBehavior [ RunTime:0.000000s ]
INFO: [ app_init ] --END-- [ RunTime:0.001000s ]
INFO: [ app_begin ] --START--
INFO: Run Behavior\ReadHtmlCacheBehavior [ RunTime:0.000000s ]
INFO: [ app_begin ] --END-- [ RunTime:0.001000s ]
NOTIC: [8192] mysql_connect(): The mysql extension is deprecated and will be removed in the future: use mysqli or PDO instead D:\wamp\www\ThinkPHP\Library\Think\Db\Driver\Mysql.class.php 第 52 行.
SQL: SHOW COLUMNS FROM `ft_question` [ RunTime:0.004001s ]
SQL: SELECT * FROM `ft_question` ORDER BY time desc  [ RunTime:0.000000s ]
SQL: SELECT * FROM `ft_question` WHERE `time` >= 1418721725 ORDER BY answernum desc  [ RunTime:0.000000s ]
SQL: SELECT * FROM `ft_question` WHERE `answernum` = 0 ORDER BY time desc  [ RunTime:0.000000s ]
INFO: [ view_parse ] --START--
INFO: [ template_filter ] --START--
INFO: Run Behavior\ContentReplaceBehavior [ RunTime:0.000000s ]
INFO: [ template_filter ] --END-- [ RunTime:0.000000s ]
NOTIC: [2] Invalid argument supplied for foreach() D:\wamp\www\Application\Runtime\Cache\Home\2a94b8bda04ff446dcedd42276fc99ee.php 第 152 行.
INFO: Run Behavior\ParseTemplateBehavior [ RunTime:0.017001s ]
INFO: [ view_parse ] --END-- [ RunTime:0.017001s ]
INFO: [ view_filter ] --START--
INFO: Run Behavior\WriteHtmlCacheBehavior [ RunTime:0.001000s ]
INFO: [ view_filter ] --END-- [ RunTime:0.001000s ]
INFO: [ app_end ] --START--
INFO: Run Behavior\ShowPageTraceBehavior [ RunTime:0.001000s ]
INFO: [ app_end ] --END-- [ RunTime:0.001000s ]

[ 2014-12-23T17:22:06+08:00 ] 127.0.0.1 /index.php/home/index/index
INFO: [ app_init ] --START--
INFO: Run Behavior\BuildLiteBehavior [ RunTime:0.000000s ]
INFO: [ app_init ] --END-- [ RunTime:0.001000s ]
INFO: [ app_begin ] --START--
INFO: Run Behavior\ReadHtmlCacheBehavior [ RunTime:0.001000s ]
INFO: [ app_begin ] --END-- [ RunTime:0.002000s ]
NOTIC: [8192] mysql_connect(): The mysql extension is deprecated and will be removed in the future: use mysqli or PDO instead D:\wamp\www\ThinkPHP\Library\Think\Db\Driver\Mysql.class.php 第 52 行.
SQL: SHOW COLUMNS FROM `ft_question` [ RunTime:0.003000s ]
SQL: SELECT * FROM `ft_question` ORDER BY time desc  [ RunTime:0.001000s ]
SQL: SELECT * FROM `ft_question` WHERE `time` >= 1418721726 ORDER BY answernum desc  [ RunTime:0.001000s ]
SQL: SELECT * FROM `ft_question` WHERE `answernum` = 0 ORDER BY time desc  [ RunTime:0.001001s ]
INFO: [ view_parse ] --START--
INFO: [ template_filter ] --START--
INFO: Run Behavior\ContentReplaceBehavior [ RunTime:0.000000s ]
INFO: [ template_filter ] --END-- [ RunTime:0.000000s ]
NOTIC: [2] Invalid argument supplied for foreach() D:\wamp\www\Application\Runtime\Cache\Home\2a94b8bda04ff446dcedd42276fc99ee.php 第 152 行.
INFO: Run Behavior\ParseTemplateBehavior [ RunTime:0.017001s ]
INFO: [ view_parse ] --END-- [ RunTime:0.017001s ]
INFO: [ view_filter ] --START--
INFO: Run Behavior\WriteHtmlCacheBehavior [ RunTime:0.001000s ]
INFO: [ view_filter ] --END-- [ RunTime:0.001000s ]
INFO: [ app_end ] --START--
INFO: Run Behavior\ShowPageTraceBehavior [ RunTime:0.001000s ]
INFO: [ app_end ] --END-- [ RunTime:0.001000s ]

[ 2014-12-23T17:23:02+08:00 ] 127.0.0.1 /index.php/home/index/index
INFO: [ app_init ] --START--
INFO: Run Behavior\BuildLiteBehavior [ RunTime:0.000000s ]
INFO: [ app_init ] --END-- [ RunTime:0.000000s ]
INFO: [ app_begin ] --START--
INFO: Run Behavior\ReadHtmlCacheBehavior [ RunTime:0.001000s ]
INFO: [ app_begin ] --END-- [ RunTime:0.001000s ]
NOTIC: [8192] mysql_connect(): The mysql extension is deprecated and will be removed in the future: use mysqli or PDO instead D:\wamp\www\ThinkPHP\Library\Think\Db\Driver\Mysql.class.php 第 52 行.
SQL: SHOW COLUMNS FROM `ft_question` [ RunTime:0.003001s ]
SQL: SELECT * FROM `ft_question` ORDER BY time desc  [ RunTime:0.000000s ]
SQL: SELECT * FROM `ft_question` WHERE `time` >= 1418721782 ORDER BY answernum desc  [ RunTime:0.000000s ]
SQL: SELECT * FROM `ft_question` WHERE `answernum` = 0 ORDER BY time desc  [ RunTime:0.000000s ]
INFO: [ view_parse ] --START--
INFO: [ template_filter ] --START--
INFO: Run Behavior\ContentReplaceBehavior [ RunTime:0.000000s ]
INFO: [ template_filter ] --END-- [ RunTime:0.000000s ]
NOTIC: [2] Invalid argument supplied for foreach() D:\wamp\www\Application\Runtime\Cache\Home\2a94b8bda04ff446dcedd42276fc99ee.php 第 152 行.
INFO: Run Behavior\ParseTemplateBehavior [ RunTime:0.016001s ]
INFO: [ view_parse ] --END-- [ RunTime:0.017001s ]
INFO: [ view_filter ] --START--
INFO: Run Behavior\WriteHtmlCacheBehavior [ RunTime:0.000000s ]
INFO: [ view_filter ] --END-- [ RunTime:0.000000s ]
INFO: [ app_end ] --START--
INFO: Run Behavior\ShowPageTraceBehavior [ RunTime:0.001000s ]
INFO: [ app_end ] --END-- [ RunTime:0.001000s ]

[ 2014-12-23T17:23:16+08:00 ] 127.0.0.1 /index.php/home/index/index
INFO: [ app_init ] --START--
INFO: Run Behavior\BuildLiteBehavior [ RunTime:0.000000s ]
INFO: [ app_init ] --END-- [ RunTime:0.001000s ]
INFO: [ app_begin ] --START--
INFO: Run Behavior\ReadHtmlCacheBehavior [ RunTime:0.001000s ]
INFO: [ app_begin ] --END-- [ RunTime:0.001000s ]
NOTIC: [8192] mysql_connect(): The mysql extension is deprecated and will be removed in the future: use mysqli or PDO instead D:\wamp\www\ThinkPHP\Library\Think\Db\Driver\Mysql.class.php 第 52 行.
SQL: SHOW COLUMNS FROM `ft_question` [ RunTime:0.004001s ]
SQL: SELECT * FROM `ft_question` ORDER BY time desc  [ RunTime:0.000000s ]
SQL: SELECT * FROM `ft_question` WHERE `time` >= 1418721796 ORDER BY answernum desc  [ RunTime:0.001000s ]
SQL: SELECT * FROM `ft_question` WHERE `answernum` = 0 ORDER BY time desc  [ RunTime:0.000000s ]
INFO: [ view_parse ] --START--
INFO: [ template_filter ] --START--
INFO: Run Behavior\ContentReplaceBehavior [ RunTime:0.001000s ]
INFO: [ template_filter ] --END-- [ RunTime:0.001000s ]
NOTIC: [2] Invalid argument supplied for foreach() D:\wamp\www\Application\Runtime\Cache\Home\2a94b8bda04ff446dcedd42276fc99ee.php 第 152 行.
INFO: Run Behavior\ParseTemplateBehavior [ RunTime:0.016001s ]
INFO: [ view_parse ] --END-- [ RunTime:0.017001s ]
INFO: [ view_filter ] --START--
INFO: Run Behavior\WriteHtmlCacheBehavior [ RunTime:0.000000s ]
INFO: [ view_filter ] --END-- [ RunTime:0.000000s ]
INFO: [ app_end ] --START--
INFO: Run Behavior\ShowPageTraceBehavior [ RunTime:0.000000s ]
INFO: [ app_end ] --END-- [ RunTime:0.000000s ]

[ 2014-12-23T17:23:27+08:00 ] 127.0.0.1 /index.php/home/index/index
INFO: [ app_init ] --START--
INFO: Run Behavior\BuildLiteBehavior [ RunTime:0.000000s ]
INFO: [ app_init ] --END-- [ RunTime:0.000000s ]
INFO: [ app_begin ] --START--
INFO: Run Behavior\ReadHtmlCacheBehavior [ RunTime:0.000000s ]
INFO: [ app_begin ] --END-- [ RunTime:0.001000s ]
NOTIC: [8192] mysql_connect(): The mysql extension is deprecated and will be removed in the future: use mysqli or PDO instead D:\wamp\www\ThinkPHP\Library\Think\Db\Driver\Mysql.class.php 第 52 行.
SQL: SHOW COLUMNS FROM `ft_question` [ RunTime:0.003001s ]
SQL: SELECT * FROM `ft_question` ORDER BY time desc  [ RunTime:0.001000s ]
SQL: SELECT * FROM `ft_question` WHERE `time` >= 1418721807 ORDER BY answernum desc  [ RunTime:0.000000s ]
SQL: SELECT * FROM `ft_question` WHERE `answernum` = 0 ORDER BY time desc  [ RunTime:0.000000s ]
INFO: [ view_parse ] --START--
INFO: [ template_filter ] --START--
INFO: Run Behavior\ContentReplaceBehavior [ RunTime:0.000000s ]
INFO: [ template_filter ] --END-- [ RunTime:0.000000s ]
NOTIC: [2] Invalid argument supplied for foreach() D:\wamp\www\Application\Runtime\Cache\Home\2a94b8bda04ff446dcedd42276fc99ee.php 第 152 行.
INFO: Run Behavior\ParseTemplateBehavior [ RunTime:0.017001s ]
INFO: [ view_parse ] --END-- [ RunTime:0.018001s ]
INFO: [ view_filter ] --START--
INFO: Run Behavior\WriteHtmlCacheBehavior [ RunTime:0.000000s ]
INFO: [ view_filter ] --END-- [ RunTime:0.001000s ]
INFO: [ app_end ] --START--
INFO: Run Behavior\ShowPageTraceBehavior [ RunTime:0.001000s ]
INFO: [ app_end ] --END-- [ RunTime:0.001000s ]

[ 2014-12-23T17:23:28+08:00 ] 127.0.0.1 /index.php/home/index/index
INFO: [ app_init ] --START--
INFO: Run Behavior\BuildLiteBehavior [ RunTime:0.000000s ]
INFO: [ app_init ] --END-- [ RunTime:0.001000s ]
INFO: [ app_begin ] --START--
INFO: Run Behavior\ReadHtmlCacheBehavior [ RunTime:0.000000s ]
INFO: [ app_begin ] --END-- [ RunTime:0.001000s ]
NOTIC: [8192] mysql_connect(): The mysql extension is deprecated and will be removed in the future: use mysqli or PDO instead D:\wamp\www\ThinkPHP\Library\Think\Db\Driver\Mysql.class.php 第 52 行.
SQL: SHOW COLUMNS FROM `ft_question` [ RunTime:0.003000s ]
SQL: SELECT * FROM `ft_question` ORDER BY time desc  [ RunTime:0.001001s ]
SQL: SELECT * FROM `ft_question` WHERE `time` >= 1418721808 ORDER BY answernum desc  [ RunTime:0.000000s ]
SQL: SELECT * FROM `ft_question` WHERE `answernum` = 0 ORDER BY time desc  [ RunTime:0.000000s ]
INFO: [ view_parse ] --START--
INFO: [ template_filter ] --START--
INFO: Run Behavior\ContentReplaceBehavior [ RunTime:0.000000s ]
INFO: [ template_filter ] --END-- [ RunTime:0.001000s ]
NOTIC: [2] Invalid argument supplied for foreach() D:\wamp\www\Application\Runtime\Cache\Home\2a94b8bda04ff446dcedd42276fc99ee.php 第 152 行.
INFO: Run Behavior\ParseTemplateBehavior [ RunTime:0.017001s ]
INFO: [ view_parse ] --END-- [ RunTime:0.017001s ]
INFO: [ view_filter ] --START--
INFO: Run Behavior\WriteHtmlCacheBehavior [ RunTime:0.001000s ]
INFO: [ view_filter ] --END-- [ RunTime:0.001000s ]
INFO: [ app_end ] --START--
INFO: Run Behavior\ShowPageTraceBehavior [ RunTime:0.001000s ]
INFO: [ app_end ] --END-- [ RunTime:0.001000s ]

[ 2014-12-23T17:23:28+08:00 ] 127.0.0.1 /index.php/home/index/index
INFO: [ app_init ] --START--
INFO: Run Behavior\BuildLiteBehavior [ RunTime:0.000000s ]
INFO: [ app_init ] --END-- [ RunTime:0.001000s ]
INFO: [ app_begin ] --START--
INFO: Run Behavior\ReadHtmlCacheBehavior [ RunTime:0.001000s ]
INFO: [ app_begin ] --END-- [ RunTime:0.001000s ]
NOTIC: [8192] mysql_connect(): The mysql extension is deprecated and will be removed in the future: use mysqli or PDO instead D:\wamp\www\ThinkPHP\Library\Think\Db\Driver\Mysql.class.php 第 52 行.
SQL: SHOW COLUMNS FROM `ft_question` [ RunTime:0.003000s ]
SQL: SELECT * FROM `ft_question` ORDER BY time desc  [ RunTime:0.000000s ]
SQL: SELECT * FROM `ft_question` WHERE `time` >= 1418721808 ORDER BY answernum desc  [ RunTime:0.001000s ]
SQL: SELECT * FROM `ft_question` WHERE `answernum` = 0 ORDER BY time desc  [ RunTime:0.000000s ]
INFO: [ view_parse ] --START--
INFO: [ template_filter ] --START--
INFO: Run Behavior\ContentReplaceBehavior [ RunTime:0.000000s ]
INFO: [ template_filter ] --END-- [ RunTime:0.000000s ]
NOTIC: [2] Invalid argument supplied for foreach() D:\wamp\www\Application\Runtime\Cache\Home\2a94b8bda04ff446dcedd42276fc99ee.php 第 152 行.
INFO: Run Behavior\ParseTemplateBehavior [ RunTime:0.017001s ]
INFO: [ view_parse ] --END-- [ RunTime:0.017001s ]
INFO: [ view_filter ] --START--
INFO: Run Behavior\WriteHtmlCacheBehavior [ RunTime:0.000000s ]
INFO: [ view_filter ] --END-- [ RunTime:0.000000s ]
INFO: [ app_end ] --START--
INFO: Run Behavior\ShowPageTraceBehavior [ RunTime:0.001000s ]
INFO: [ app_end ] --END-- [ RunTime:0.001000s ]

[ 2014-12-23T17:23:29+08:00 ] 127.0.0.1 /index.php/home/index/index
INFO: [ app_init ] --START--
INFO: Run Behavior\BuildLiteBehavior [ RunTime:0.000000s ]
INFO: [ app_init ] --END-- [ RunTime:0.000000s ]
INFO: [ app_begin ] --START--
INFO: Run Behavior\ReadHtmlCacheBehavior [ RunTime:0.000000s ]
INFO: [ app_begin ] --END-- [ RunTime:0.000000s ]
NOTIC: [8192] mysql_connect(): The mysql extension is deprecated and will be removed in the future: use mysqli or PDO instead D:\wamp\www\ThinkPHP\Library\Think\Db\Driver\Mysql.class.php 第 52 行.
SQL: SHOW COLUMNS FROM `ft_question` [ RunTime:0.004000s ]
SQL: SELECT * FROM `ft_question` ORDER BY time desc  [ RunTime:0.000000s ]
SQL: SELECT * FROM `ft_question` WHERE `time` >= 1418721809 ORDER BY answernum desc  [ RunTime:0.000000s ]
SQL: SELECT * FROM `ft_question` WHERE `answernum` = 0 ORDER BY time desc  [ RunTime:0.000000s ]
INFO: [ view_parse ] --START--
INFO: [ template_filter ] --START--
INFO: Run Behavior\ContentReplaceBehavior [ RunTime:0.001000s ]
INFO: [ template_filter ] --END-- [ RunTime:0.001000s ]
NOTIC: [2] Invalid argument supplied for foreach() D:\wamp\www\Application\Runtime\Cache\Home\2a94b8bda04ff446dcedd42276fc99ee.php 第 152 行.
INFO: Run Behavior\ParseTemplateBehavior [ RunTime:0.016001s ]
INFO: [ view_parse ] --END-- [ RunTime:0.016001s ]
INFO: [ view_filter ] --START--
INFO: Run Behavior\WriteHtmlCacheBehavior [ RunTime:0.001000s ]
INFO: [ view_filter ] --END-- [ RunTime:0.001000s ]
INFO: [ app_end ] --START--
INFO: Run Behavior\ShowPageTraceBehavior [ RunTime:0.001000s ]
INFO: [ app_end ] --END-- [ RunTime:0.001000s ]

[ 2014-12-23T17:23:30+08:00 ] 127.0.0.1 /index.php/home/index/index
INFO: [ app_init ] --START--
INFO: Run Behavior\BuildLiteBehavior [ RunTime:0.000000s ]
INFO: [ app_init ] --END-- [ RunTime:0.000000s ]
INFO: [ app_begin ] --START--
INFO: Run Behavior\ReadHtmlCacheBehavior [ RunTime:0.000000s ]
INFO: [ app_begin ] --END-- [ RunTime:0.001000s ]
NOTIC: [8192] mysql_connect(): The mysql extension is deprecated and will be removed in the future: use mysqli or PDO instead D:\wamp\www\ThinkPHP\Library\Think\Db\Driver\Mysql.class.php 第 52 行.
SQL: SHOW COLUMNS FROM `ft_question` [ RunTime:0.003001s ]
SQL: SELECT * FROM `ft_question` ORDER BY time desc  [ RunTime:0.001000s ]
SQL: SELECT * FROM `ft_question` WHERE `time` >= 1418721810 ORDER BY answernum desc  [ RunTime:0.001000s ]
SQL: SELECT * FROM `ft_question` WHERE `answernum` = 0 ORDER BY time desc  [ RunTime:0.001000s ]
INFO: [ view_parse ] --START--
INFO: [ template_filter ] --START--
INFO: Run Behavior\ContentReplaceBehavior [ RunTime:0.000000s ]
INFO: [ template_filter ] --END-- [ RunTime:0.000000s ]
NOTIC: [2] Invalid argument supplied for foreach() D:\wamp\www\Application\Runtime\Cache\Home\2a94b8bda04ff446dcedd42276fc99ee.php 第 152 行.
INFO: Run Behavior\ParseTemplateBehavior [ RunTime:0.017001s ]
INFO: [ view_parse ] --END-- [ RunTime:0.017001s ]
INFO: [ view_filter ] --START--
INFO: Run Behavior\WriteHtmlCacheBehavior [ RunTime:0.000000s ]
INFO: [ view_filter ] --END-- [ RunTime:0.001000s ]
INFO: [ app_end ] --START--
INFO: Run Behavior\ShowPageTraceBehavior [ RunTime:0.001000s ]
INFO: [ app_end ] --END-- [ RunTime:0.001000s ]

[ 2014-12-23T17:24:32+08:00 ] 127.0.0.1 /index.php/home/index/index
INFO: [ app_init ] --START--
INFO: Run Behavior\BuildLiteBehavior [ RunTime:0.000000s ]
INFO: [ app_init ] --END-- [ RunTime:0.000000s ]
INFO: [ app_begin ] --START--
INFO: Run Behavior\ReadHtmlCacheBehavior [ RunTime:0.001000s ]
INFO: [ app_begin ] --END-- [ RunTime:0.001000s ]
NOTIC: [8192] mysql_connect(): The mysql extension is deprecated and will be removed in the future: use mysqli or PDO instead D:\wamp\www\ThinkPHP\Library\Think\Db\Driver\Mysql.class.php 第 52 行.
SQL: SHOW COLUMNS FROM `ft_question` [ RunTime:0.003001s ]
SQL: SELECT * FROM `ft_question` ORDER BY time desc  [ RunTime:0.000000s ]
SQL: SELECT * FROM `ft_question` WHERE `time` >= 1418721872 ORDER BY answernum desc  [ RunTime:0.000000s ]
SQL: SELECT * FROM `ft_question` WHERE `answernum` = 0 ORDER BY time desc  [ RunTime:0.000000s ]
INFO: [ view_parse ] --START--
INFO: [ template_filter ] --START--
INFO: Run Behavior\ContentReplaceBehavior [ RunTime:0.000000s ]
INFO: [ template_filter ] --END-- [ RunTime:0.001000s ]
NOTIC: [2] Invalid argument supplied for foreach() D:\wamp\www\Application\Runtime\Cache\Home\2a94b8bda04ff446dcedd42276fc99ee.php 第 152 行.
INFO: Run Behavior\ParseTemplateBehavior [ RunTime:0.017001s ]
INFO: [ view_parse ] --END-- [ RunTime:0.017001s ]
INFO: [ view_filter ] --START--
INFO: Run Behavior\WriteHtmlCacheBehavior [ RunTime:0.001000s ]
INFO: [ view_filter ] --END-- [ RunTime:0.001000s ]
INFO: [ app_end ] --START--
INFO: Run Behavior\ShowPageTraceBehavior [ RunTime:0.001000s ]
INFO: [ app_end ] --END-- [ RunTime:0.001000s ]

[ 2014-12-23T17:24:32+08:00 ] 127.0.0.1 /index.php/home/index/index
INFO: [ app_init ] --START--
INFO: Run Behavior\BuildLiteBehavior [ RunTime:0.001000s ]
INFO: [ app_init ] --END-- [ RunTime:0.001000s ]
INFO: [ app_begin ] --START--
INFO: Run Behavior\ReadHtmlCacheBehavior [ RunTime:0.001000s ]
INFO: [ app_begin ] --END-- [ RunTime:0.001000s ]
NOTIC: [8192] mysql_connect(): The mysql extension is deprecated and will be removed in the future: use mysqli or PDO instead D:\wamp\www\ThinkPHP\Library\Think\Db\Driver\Mysql.class.php 第 52 行.
SQL: SHOW COLUMNS FROM `ft_question` [ RunTime:0.003000s ]
SQL: SELECT * FROM `ft_question` ORDER BY time desc  [ RunTime:0.000000s ]
SQL: SELECT * FROM `ft_question` WHERE `time` >= 1418721872 ORDER BY answernum desc  [ RunTime:0.000000s ]
SQL: SELECT * FROM `ft_question` WHERE `answernum` = 0 ORDER BY time desc  [ RunTime:0.000000s ]
INFO: [ view_parse ] --START--
INFO: [ template_filter ] --START--
INFO: Run Behavior\ContentReplaceBehavior [ RunTime:0.000000s ]
INFO: [ template_filter ] --END-- [ RunTime:0.000000s ]
NOTIC: [2] Invalid argument supplied for foreach() D:\wamp\www\Application\Runtime\Cache\Home\2a94b8bda04ff446dcedd42276fc99ee.php 第 152 行.
INFO: Run Behavior\ParseTemplateBehavior [ RunTime:0.018001s ]
INFO: [ view_parse ] --END-- [ RunTime:0.018001s ]
INFO: [ view_filter ] --START--
INFO: Run Behavior\WriteHtmlCacheBehavior [ RunTime:0.001000s ]
INFO: [ view_filter ] --END-- [ RunTime:0.001000s ]
INFO: [ app_end ] --START--
INFO: Run Behavior\ShowPageTraceBehavior [ RunTime:0.000000s ]
INFO: [ app_end ] --END-- [ RunTime:0.000000s ]

[ 2014-12-23T17:24:56+08:00 ] 127.0.0.1 /index.php/home/index/index
INFO: [ app_init ] --START--
INFO: Run Behavior\BuildLiteBehavior [ RunTime:0.000000s ]
INFO: [ app_init ] --END-- [ RunTime:0.001000s ]
INFO: [ app_begin ] --START--
INFO: Run Behavior\ReadHtmlCacheBehavior [ RunTime:0.000000s ]
INFO: [ app_begin ] --END-- [ RunTime:0.001000s ]
NOTIC: [8192] mysql_connect(): The mysql extension is deprecated and will be removed in the future: use mysqli or PDO instead D:\wamp\www\ThinkPHP\Library\Think\Db\Driver\Mysql.class.php 第 52 行.
SQL: SHOW COLUMNS FROM `ft_question` [ RunTime:0.003000s ]
SQL: SELECT * FROM `ft_question` ORDER BY time desc  [ RunTime:0.000000s ]
SQL: SELECT * FROM `ft_question` WHERE `time` >= 1418721896 ORDER BY answernum desc  [ RunTime:0.001000s ]
SQL: SELECT * FROM `ft_question` WHERE `answernum` = 0 ORDER BY time desc  [ RunTime:0.000000s ]
INFO: [ view_parse ] --START--
INFO: [ template_filter ] --START--
INFO: Run Behavior\ContentReplaceBehavior [ RunTime:0.000000s ]
INFO: [ template_filter ] --END-- [ RunTime:0.000000s ]
NOTIC: [2] Invalid argument supplied for foreach() D:\wamp\www\Application\Runtime\Cache\Home\2a94b8bda04ff446dcedd42276fc99ee.php 第 152 行.
INFO: Run Behavior\ParseTemplateBehavior [ RunTime:0.018001s ]
INFO: [ view_parse ] --END-- [ RunTime:0.018001s ]
INFO: [ view_filter ] --START--
INFO: Run Behavior\WriteHtmlCacheBehavior [ RunTime:0.001000s ]
INFO: [ view_filter ] --END-- [ RunTime:0.001000s ]
INFO: [ app_end ] --START--
INFO: Run Behavior\ShowPageTraceBehavior [ RunTime:0.001000s ]
INFO: [ app_end ] --END-- [ RunTime:0.001000s ]

[ 2014-12-23T17:24:59+08:00 ] 127.0.0.1 /index.php/home/index/index
INFO: [ app_init ] --START--
INFO: Run Behavior\BuildLiteBehavior [ RunTime:0.000000s ]
INFO: [ app_init ] --END-- [ RunTime:0.000000s ]
INFO: [ app_begin ] --START--
INFO: Run Behavior\ReadHtmlCacheBehavior [ RunTime:0.001000s ]
INFO: [ app_begin ] --END-- [ RunTime:0.001000s ]
NOTIC: [8192] mysql_connect(): The mysql extension is deprecated and will be removed in the future: use mysqli or PDO instead D:\wamp\www\ThinkPHP\Library\Think\Db\Driver\Mysql.class.php 第 52 行.
SQL: SHOW COLUMNS FROM `ft_question` [ RunTime:0.003000s ]
SQL: SELECT * FROM `ft_question` ORDER BY time desc  [ RunTime:0.000000s ]
SQL: SELECT * FROM `ft_question` WHERE `time` >= 1418721899 ORDER BY answernum desc  [ RunTime:0.001000s ]
SQL: SELECT * FROM `ft_question` WHERE `answernum` = 0 ORDER BY time desc  [ RunTime:0.001000s ]
INFO: [ view_parse ] --START--
INFO: [ template_filter ] --START--
INFO: Run Behavior\ContentReplaceBehavior [ RunTime:0.001000s ]
INFO: [ template_filter ] --END-- [ RunTime:0.001000s ]
NOTIC: [2] Invalid argument supplied for foreach() D:\wamp\www\Application\Runtime\Cache\Home\2a94b8bda04ff446dcedd42276fc99ee.php 第 152 行.
INFO: Run Behavior\ParseTemplateBehavior [ RunTime:0.018001s ]
INFO: [ view_parse ] --END-- [ RunTime:0.018001s ]
INFO: [ view_filter ] --START--
INFO: Run Behavior\WriteHtmlCacheBehavior [ RunTime:0.001000s ]
INFO: [ view_filter ] --END-- [ RunTime:0.001000s ]
INFO: [ app_end ] --START--
INFO: Run Behavior\ShowPageTraceBehavior [ RunTime:0.000000s ]
INFO: [ app_end ] --END-- [ RunTime:0.001000s ]

[ 2014-12-23T17:25:00+08:00 ] 127.0.0.1 /index.php/home/index/index
INFO: [ app_init ] --START--
INFO: Run Behavior\BuildLiteBehavior [ RunTime:0.000000s ]
INFO: [ app_init ] --END-- [ RunTime:0.000000s ]
INFO: [ app_begin ] --START--
INFO: Run Behavior\ReadHtmlCacheBehavior [ RunTime:0.001001s ]
INFO: [ app_begin ] --END-- [ RunTime:0.001001s ]
NOTIC: [8192] mysql_connect(): The mysql extension is deprecated and will be removed in the future: use mysqli or PDO instead D:\wamp\www\ThinkPHP\Library\Think\Db\Driver\Mysql.class.php 第 52 行.
SQL: SHOW COLUMNS FROM `ft_question` [ RunTime:0.004000s ]
SQL: SELECT * FROM `ft_question` ORDER BY time desc  [ RunTime:0.000000s ]
SQL: SELECT * FROM `ft_question` WHERE `time` >= 1418721900 ORDER BY answernum desc  [ RunTime:0.000000s ]
SQL: SELECT * FROM `ft_question` WHERE `answernum` = 0 ORDER BY time desc  [ RunTime:0.000000s ]
INFO: [ view_parse ] --START--
INFO: [ template_filter ] --START--
INFO: Run Behavior\ContentReplaceBehavior [ RunTime:0.000000s ]
INFO: [ template_filter ] --END-- [ RunTime:0.000000s ]
NOTIC: [2] Invalid argument supplied for foreach() D:\wamp\www\Application\Runtime\Cache\Home\2a94b8bda04ff446dcedd42276fc99ee.php 第 152 行.
INFO: Run Behavior\ParseTemplateBehavior [ RunTime:0.018001s ]
INFO: [ view_parse ] --END-- [ RunTime:0.018001s ]
INFO: [ view_filter ] --START--
INFO: Run Behavior\WriteHtmlCacheBehavior [ RunTime:0.000000s ]
INFO: [ view_filter ] --END-- [ RunTime:0.001001s ]
INFO: [ app_end ] --START--
INFO: Run Behavior\ShowPageTraceBehavior [ RunTime:0.001000s ]
INFO: [ app_end ] --END-- [ RunTime:0.001000s ]

[ 2014-12-23T17:25:00+08:00 ] 127.0.0.1 /index.php/home/index/index
INFO: [ app_init ] --START--
INFO: Run Behavior\BuildLiteBehavior [ RunTime:0.000000s ]
INFO: [ app_init ] --END-- [ RunTime:0.000000s ]
INFO: [ app_begin ] --START--
INFO: Run Behavior\ReadHtmlCacheBehavior [ RunTime:0.001000s ]
INFO: [ app_begin ] --END-- [ RunTime:0.001000s ]
NOTIC: [8192] mysql_connect(): The mysql extension is deprecated and will be removed in the future: use mysqli or PDO instead D:\wamp\www\ThinkPHP\Library\Think\Db\Driver\Mysql.class.php 第 52 行.
SQL: SHOW COLUMNS FROM `ft_question` [ RunTime:0.004000s ]
SQL: SELECT * FROM `ft_question` ORDER BY time desc  [ RunTime:0.001000s ]
SQL: SELECT * FROM `ft_question` WHERE `time` >= 1418721900 ORDER BY answernum desc  [ RunTime:0.000000s ]
SQL: SELECT * FROM `ft_question` WHERE `answernum` = 0 ORDER BY time desc  [ RunTime:0.000000s ]
INFO: [ view_parse ] --START--
INFO: [ template_filter ] --START--
INFO: Run Behavior\ContentReplaceBehavior [ RunTime:0.001000s ]
INFO: [ template_filter ] --END-- [ RunTime:0.001000s ]
NOTIC: [2] Invalid argument supplied for foreach() D:\wamp\www\Application\Runtime\Cache\Home\2a94b8bda04ff446dcedd42276fc99ee.php 第 152 行.
INFO: Run Behavior\ParseTemplateBehavior [ RunTime:0.017001s ]
INFO: [ view_parse ] --END-- [ RunTime:0.017001s ]
INFO: [ view_filter ] --START--
INFO: Run Behavior\WriteHtmlCacheBehavior [ RunTime:0.001000s ]
INFO: [ view_filter ] --END-- [ RunTime:0.001000s ]
INFO: [ app_end ] --START--
INFO: Run Behavior\ShowPageTraceBehavior [ RunTime:0.001000s ]
INFO: [ app_end ] --END-- [ RunTime:0.001000s ]

[ 2014-12-23T17:25:02+08:00 ] 127.0.0.1 /index.php/home/index/index
INFO: [ app_init ] --START--
INFO: Run Behavior\BuildLiteBehavior [ RunTime:0.000000s ]
INFO: [ app_init ] --END-- [ RunTime:0.000000s ]
INFO: [ app_begin ] --START--
INFO: Run Behavior\ReadHtmlCacheBehavior [ RunTime:0.000000s ]
INFO: [ app_begin ] --END-- [ RunTime:0.000000s ]
NOTIC: [8192] mysql_connect(): The mysql extension is deprecated and will be removed in the future: use mysqli or PDO instead D:\wamp\www\ThinkPHP\Library\Think\Db\Driver\Mysql.class.php 第 52 行.
SQL: SHOW COLUMNS FROM `ft_question` [ RunTime:0.003000s ]
SQL: SELECT * FROM `ft_question` ORDER BY time desc  [ RunTime:0.000000s ]
SQL: SELECT * FROM `ft_question` WHERE `time` >= 1418721902 ORDER BY answernum desc  [ RunTime:0.000000s ]
SQL: SELECT * FROM `ft_question` WHERE `answernum` = 0 ORDER BY time desc  [ RunTime:0.000000s ]
INFO: [ view_parse ] --START--
INFO: [ template_filter ] --START--
INFO: Run Behavior\ContentReplaceBehavior [ RunTime:0.000000s ]
INFO: [ template_filter ] --END-- [ RunTime:0.000000s ]
NOTIC: [2] Invalid argument supplied for foreach() D:\wamp\www\Application\Runtime\Cache\Home\2a94b8bda04ff446dcedd42276fc99ee.php 第 152 行.
INFO: Run Behavior\ParseTemplateBehavior [ RunTime:0.017001s ]
INFO: [ view_parse ] --END-- [ RunTime:0.017001s ]
INFO: [ view_filter ] --START--
INFO: Run Behavior\WriteHtmlCacheBehavior [ RunTime:0.000000s ]
INFO: [ view_filter ] --END-- [ RunTime:0.001000s ]
INFO: [ app_end ] --START--
INFO: Run Behavior\ShowPageTraceBehavior [ RunTime:0.000000s ]
INFO: [ app_end ] --END-- [ RunTime:0.001000s ]

[ 2014-12-23T17:25:31+08:00 ] 127.0.0.1 /index.php/home/index/index
INFO: [ app_init ] --START--
INFO: Run Behavior\BuildLiteBehavior [ RunTime:0.000000s ]
INFO: [ app_init ] --END-- [ RunTime:0.001000s ]
INFO: [ app_begin ] --START--
INFO: Run Behavior\ReadHtmlCacheBehavior [ RunTime:0.000000s ]
INFO: [ app_begin ] --END-- [ RunTime:0.001000s ]
NOTIC: [8192] mysql_connect(): The mysql extension is deprecated and will be removed in the future: use mysqli or PDO instead D:\wamp\www\ThinkPHP\Library\Think\Db\Driver\Mysql.class.php 第 52 行.
SQL: SHOW COLUMNS FROM `ft_question` [ RunTime:0.003000s ]
SQL: SELECT * FROM `ft_question` ORDER BY time desc  [ RunTime:0.000000s ]
SQL: SELECT * FROM `ft_question` WHERE `time` >= 1418721931 ORDER BY answernum desc  [ RunTime:0.001000s ]
SQL: SELECT * FROM `ft_question` WHERE `answernum` = 0 ORDER BY time desc  [ RunTime:0.000000s ]
INFO: [ view_parse ] --START--
INFO: [ template_filter ] --START--
INFO: Run Behavior\ContentReplaceBehavior [ RunTime:0.000000s ]
INFO: [ template_filter ] --END-- [ RunTime:0.000000s ]
NOTIC: [2] Invalid argument supplied for foreach() D:\wamp\www\Application\Runtime\Cache\Home\2a94b8bda04ff446dcedd42276fc99ee.php 第 152 行.
INFO: Run Behavior\ParseTemplateBehavior [ RunTime:0.018001s ]
INFO: [ view_parse ] --END-- [ RunTime:0.018001s ]
INFO: [ view_filter ] --START--
INFO: Run Behavior\WriteHtmlCacheBehavior [ RunTime:0.000000s ]
INFO: [ view_filter ] --END-- [ RunTime:0.000000s ]
INFO: [ app_end ] --START--
INFO: Run Behavior\ShowPageTraceBehavior [ RunTime:0.000000s ]
INFO: [ app_end ] --END-- [ RunTime:0.001001s ]

[ 2014-12-23T17:25:32+08:00 ] 127.0.0.1 /index.php/home/index/index
INFO: [ app_init ] --START--
INFO: Run Behavior\BuildLiteBehavior [ RunTime:0.000000s ]
INFO: [ app_init ] --END-- [ RunTime:0.001000s ]
INFO: [ app_begin ] --START--
INFO: Run Behavior\ReadHtmlCacheBehavior [ RunTime:0.001000s ]
INFO: [ app_begin ] --END-- [ RunTime:0.001000s ]
NOTIC: [8192] mysql_connect(): The mysql extension is deprecated and will be removed in the future: use mysqli or PDO instead D:\wamp\www\ThinkPHP\Library\Think\Db\Driver\Mysql.class.php 第 52 行.
SQL: SHOW COLUMNS FROM `ft_question` [ RunTime:0.003000s ]
SQL: SELECT * FROM `ft_question` ORDER BY time desc  [ RunTime:0.001000s ]
SQL: SELECT * FROM `ft_question` WHERE `time` >= 1418721932 ORDER BY answernum desc  [ RunTime:0.000000s ]
SQL: SELECT * FROM `ft_question` WHERE `answernum` = 0 ORDER BY time desc  [ RunTime:0.001000s ]
INFO: [ view_parse ] --START--
INFO: [ template_filter ] --START--
INFO: Run Behavior\ContentReplaceBehavior [ RunTime:0.000000s ]
INFO: [ template_filter ] --END-- [ RunTime:0.000000s ]
NOTIC: [2] Invalid argument supplied for foreach() D:\wamp\www\Application\Runtime\Cache\Home\2a94b8bda04ff446dcedd42276fc99ee.php 第 152 行.
INFO: Run Behavior\ParseTemplateBehavior [ RunTime:0.018001s ]
INFO: [ view_parse ] --END-- [ RunTime:0.018001s ]
INFO: [ view_filter ] --START--
INFO: Run Behavior\WriteHtmlCacheBehavior [ RunTime:0.000000s ]
INFO: [ view_filter ] --END-- [ RunTime:0.000000s ]
INFO: [ app_end ] --START--
INFO: Run Behavior\ShowPageTraceBehavior [ RunTime:0.000000s ]
INFO: [ app_end ] --END-- [ RunTime:0.001000s ]

[ 2014-12-23T17:25:37+08:00 ] 127.0.0.1 /index.php/home/index/index
INFO: [ app_init ] --START--
INFO: Run Behavior\BuildLiteBehavior [ RunTime:0.000000s ]
INFO: [ app_init ] --END-- [ RunTime:0.001000s ]
INFO: [ app_begin ] --START--
INFO: Run Behavior\ReadHtmlCacheBehavior [ RunTime:0.001000s ]
INFO: [ app_begin ] --END-- [ RunTime:0.001000s ]
NOTIC: [8192] mysql_connect(): The mysql extension is deprecated and will be removed in the future: use mysqli or PDO instead D:\wamp\www\ThinkPHP\Library\Think\Db\Driver\Mysql.class.php 第 52 行.
SQL: SHOW COLUMNS FROM `ft_question` [ RunTime:0.003000s ]
SQL: SELECT * FROM `ft_question` ORDER BY time desc  [ RunTime:0.001000s ]
SQL: SELECT * FROM `ft_question` WHERE `time` >= 1418721937 ORDER BY answernum desc  [ RunTime:0.001000s ]
SQL: SELECT * FROM `ft_question` WHERE `answernum` = 0 ORDER BY time desc  [ RunTime:0.001000s ]
INFO: [ view_parse ] --START--
INFO: [ template_filter ] --START--
INFO: Run Behavior\ContentReplaceBehavior [ RunTime:0.001000s ]
INFO: [ template_filter ] --END-- [ RunTime:0.001000s ]
NOTIC: [2] Invalid argument supplied for foreach() D:\wamp\www\Application\Runtime\Cache\Home\2a94b8bda04ff446dcedd42276fc99ee.php 第 152 行.
INFO: Run Behavior\ParseTemplateBehavior [ RunTime:0.018001s ]
INFO: [ view_parse ] --END-- [ RunTime:0.018001s ]
INFO: [ view_filter ] --START--
INFO: Run Behavior\WriteHtmlCacheBehavior [ RunTime:0.001000s ]
INFO: [ view_filter ] --END-- [ RunTime:0.001000s ]
INFO: [ app_end ] --START--
INFO: Run Behavior\ShowPageTraceBehavior [ RunTime:0.001000s ]
INFO: [ app_end ] --END-- [ RunTime:0.001000s ]

[ 2014-12-23T17:25:48+08:00 ] 127.0.0.1 /index.php/home/index/index
INFO: [ app_init ] --START--
INFO: Run Behavior\BuildLiteBehavior [ RunTime:0.000000s ]
INFO: [ app_init ] --END-- [ RunTime:0.000000s ]
INFO: [ app_begin ] --START--
INFO: Run Behavior\ReadHtmlCacheBehavior [ RunTime:0.001000s ]
INFO: [ app_begin ] --END-- [ RunTime:0.001000s ]
NOTIC: [8192] mysql_connect(): The mysql extension is deprecated and will be removed in the future: use mysqli or PDO instead D:\wamp\www\ThinkPHP\Library\Think\Db\Driver\Mysql.class.php 第 52 行.
SQL: SHOW COLUMNS FROM `ft_question` [ RunTime:0.003000s ]
SQL: SELECT * FROM `ft_question` ORDER BY time desc  [ RunTime:0.001000s ]
SQL: SELECT * FROM `ft_question` WHERE `time` >= 1418721948 ORDER BY answernum desc  [ RunTime:0.001001s ]
SQL: SELECT * FROM `ft_question` WHERE `answernum` = 0 ORDER BY time desc  [ RunTime:0.001000s ]
INFO: [ view_parse ] --START--
INFO: [ template_filter ] --START--
INFO: Run Behavior\ContentReplaceBehavior [ RunTime:0.001000s ]
INFO: [ template_filter ] --END-- [ RunTime:0.001000s ]
NOTIC: [2] Invalid argument supplied for foreach() D:\wamp\www\Application\Runtime\Cache\Home\2a94b8bda04ff446dcedd42276fc99ee.php 第 152 行.
INFO: Run Behavior\ParseTemplateBehavior [ RunTime:0.017001s ]
INFO: [ view_parse ] --END-- [ RunTime:0.017001s ]
INFO: [ view_filter ] --START--
INFO: Run Behavior\WriteHtmlCacheBehavior [ RunTime:0.000000s ]
INFO: [ view_filter ] --END-- [ RunTime:0.000000s ]
INFO: [ app_end ] --START--
INFO: Run Behavior\ShowPageTraceBehavior [ RunTime:0.000000s ]
INFO: [ app_end ] --END-- [ RunTime:0.000000s ]

[ 2014-12-23T17:26:10+08:00 ] 127.0.0.1 /index.php/home/index/index
INFO: [ app_init ] --START--
INFO: Run Behavior\BuildLiteBehavior [ RunTime:0.000000s ]
INFO: [ app_init ] --END-- [ RunTime:0.001000s ]
INFO: [ app_begin ] --START--
INFO: Run Behavior\ReadHtmlCacheBehavior [ RunTime:0.000000s ]
INFO: [ app_begin ] --END-- [ RunTime:0.000000s ]
NOTIC: [8192] mysql_connect(): The mysql extension is deprecated and will be removed in the future: use mysqli or PDO instead D:\wamp\www\ThinkPHP\Library\Think\Db\Driver\Mysql.class.php 第 52 行.
SQL: SHOW COLUMNS FROM `ft_question` [ RunTime:0.005000s ]
SQL: SELECT * FROM `ft_question` ORDER BY time desc  [ RunTime:0.000000s ]
SQL: SELECT * FROM `ft_question` WHERE `time` >= 1418721970 ORDER BY answernum desc  [ RunTime:0.000000s ]
SQL: SELECT * FROM `ft_question` WHERE `answernum` = 0 ORDER BY time desc  [ RunTime:0.000000s ]
INFO: [ view_parse ] --START--
INFO: [ template_filter ] --START--
INFO: Run Behavior\ContentReplaceBehavior [ RunTime:0.000000s ]
INFO: [ template_filter ] --END-- [ RunTime:0.001000s ]
NOTIC: [2] Invalid argument supplied for foreach() D:\wamp\www\Application\Runtime\Cache\Home\2a94b8bda04ff446dcedd42276fc99ee.php 第 152 行.
INFO: Run Behavior\ParseTemplateBehavior [ RunTime:0.017001s ]
INFO: [ view_parse ] --END-- [ RunTime:0.017001s ]
INFO: [ view_filter ] --START--
INFO: Run Behavior\WriteHtmlCacheBehavior [ RunTime:0.001001s ]
INFO: [ view_filter ] --END-- [ RunTime:0.001001s ]
INFO: [ app_end ] --START--
INFO: Run Behavior\ShowPageTraceBehavior [ RunTime:0.001000s ]
INFO: [ app_end ] --END-- [ RunTime:0.001000s ]

[ 2014-12-23T17:26:20+08:00 ] 127.0.0.1 /index.php/home/index/index
INFO: [ app_init ] --START--
INFO: Run Behavior\BuildLiteBehavior [ RunTime:0.000000s ]
INFO: [ app_init ] --END-- [ RunTime:0.000000s ]
INFO: [ app_begin ] --START--
INFO: Run Behavior\ReadHtmlCacheBehavior [ RunTime:0.001000s ]
INFO: [ app_begin ] --END-- [ RunTime:0.001000s ]
NOTIC: [8192] mysql_connect(): The mysql extension is deprecated and will be removed in the future: use mysqli or PDO instead D:\wamp\www\ThinkPHP\Library\Think\Db\Driver\Mysql.class.php 第 52 行.
SQL: SHOW COLUMNS FROM `ft_question` [ RunTime:0.004000s ]
SQL: SELECT * FROM `ft_question` ORDER BY time desc  [ RunTime:0.001000s ]
SQL: SELECT * FROM `ft_question` WHERE `time` >= 1418721980 ORDER BY answernum desc  [ RunTime:0.000000s ]
SQL: SELECT * FROM `ft_question` WHERE `answernum` = 0 ORDER BY time desc  [ RunTime:0.000000s ]
INFO: [ view_parse ] --START--
INFO: [ template_filter ] --START--
INFO: Run Behavior\ContentReplaceBehavior [ RunTime:0.000000s ]
INFO: [ template_filter ] --END-- [ RunTime:0.001000s ]
NOTIC: [2] Invalid argument supplied for foreach() D:\wamp\www\Application\Runtime\Cache\Home\2a94b8bda04ff446dcedd42276fc99ee.php 第 152 行.
INFO: Run Behavior\ParseTemplateBehavior [ RunTime:0.018001s ]
INFO: [ view_parse ] --END-- [ RunTime:0.018001s ]
INFO: [ view_filter ] --START--
INFO: Run Behavior\WriteHtmlCacheBehavior [ RunTime:0.000000s ]
INFO: [ view_filter ] --END-- [ RunTime:0.000000s ]
INFO: [ app_end ] --START--
INFO: Run Behavior\ShowPageTraceBehavior [ RunTime:0.001000s ]
INFO: [ app_end ] --END-- [ RunTime:0.001000s ]

[ 2014-12-23T17:27:53+08:00 ] 127.0.0.1 /index.php/home/index/index
INFO: [ app_init ] --START--
INFO: Run Behavior\BuildLiteBehavior [ RunTime:0.000000s ]
INFO: [ app_init ] --END-- [ RunTime:0.001000s ]
INFO: [ app_begin ] --START--
INFO: Run Behavior\ReadHtmlCacheBehavior [ RunTime:0.001000s ]
INFO: [ app_begin ] --END-- [ RunTime:0.001000s ]
NOTIC: [8192] mysql_connect(): The mysql extension is deprecated and will be removed in the future: use mysqli or PDO instead D:\wamp\www\ThinkPHP\Library\Think\Db\Driver\Mysql.class.php 第 52 行.
SQL: SHOW COLUMNS FROM `ft_question` [ RunTime:0.004001s ]
SQL: SELECT * FROM `ft_question` ORDER BY time desc  [ RunTime:0.001000s ]
SQL: SELECT * FROM `ft_question` WHERE `time` >= 1418722073 ORDER BY answernum desc  [ RunTime:0.000000s ]
SQL: SELECT * FROM `ft_question` WHERE `answernum` = 0 ORDER BY time desc  [ RunTime:0.000000s ]
INFO: [ view_parse ] --START--
INFO: [ template_filter ] --START--
INFO: Run Behavior\ContentReplaceBehavior [ RunTime:0.000000s ]
INFO: [ template_filter ] --END-- [ RunTime:0.000000s ]
NOTIC: [2] Invalid argument supplied for foreach() D:\wamp\www\Application\Runtime\Cache\Home\2a94b8bda04ff446dcedd42276fc99ee.php 第 152 行.
INFO: Run Behavior\ParseTemplateBehavior [ RunTime:0.016001s ]
INFO: [ view_parse ] --END-- [ RunTime:0.017001s ]
INFO: [ view_filter ] --START--
INFO: Run Behavior\WriteHtmlCacheBehavior [ RunTime:0.001000s ]
INFO: [ view_filter ] --END-- [ RunTime:0.001000s ]
INFO: [ app_end ] --START--
INFO: Run Behavior\ShowPageTraceBehavior [ RunTime:0.001000s ]
INFO: [ app_end ] --END-- [ RunTime:0.001000s ]

[ 2014-12-23T17:28:57+08:00 ] 127.0.0.1 /index.php/home/question/index?id=23
INFO: [ app_init ] --START--
INFO: Run Behavior\BuildLiteBehavior [ RunTime:0.001000s ]
INFO: [ app_init ] --END-- [ RunTime:0.001000s ]
INFO: [ app_begin ] --START--
INFO: Run Behavior\ReadHtmlCacheBehavior [ RunTime:0.000000s ]
INFO: [ app_begin ] --END-- [ RunTime:0.001000s ]
NOTIC: [8192] mysql_connect(): The mysql extension is deprecated and will be removed in the future: use mysqli or PDO instead D:\wamp\www\ThinkPHP\Library\Think\Db\Driver\Mysql.class.php 第 52 行.
SQL: SHOW COLUMNS FROM `ft_question` [ RunTime:0.004000s ]
SQL: SHOW COLUMNS FROM `ft_answer` [ RunTime:0.004000s ]
SQL: SELECT * FROM `ft_question` WHERE `id` = 23 LIMIT 1   [ RunTime:0.000000s ]
SQL: SELECT * FROM `ft_answer` WHERE `questionid` = 23  [ RunTime:0.000000s ]
INFO: [ view_parse ] --START--
INFO: [ template_filter ] --START--
INFO: Run Behavior\ContentReplaceBehavior [ RunTime:0.000000s ]
INFO: [ template_filter ] --END-- [ RunTime:0.000000s ]
INFO: Run Behavior\ParseTemplateBehavior [ RunTime:0.013001s ]
INFO: [ view_parse ] --END-- [ RunTime:0.015001s ]
INFO: [ view_filter ] --START--
INFO: Run Behavior\WriteHtmlCacheBehavior [ RunTime:0.000000s ]
INFO: [ view_filter ] --END-- [ RunTime:0.000000s ]
INFO: [ app_end ] --START--
INFO: Run Behavior\ShowPageTraceBehavior [ RunTime:0.000000s ]
INFO: [ app_end ] --END-- [ RunTime:0.001000s ]

[ 2014-12-23T17:29:50+08:00 ] 127.0.0.1 /index.php/home/index/index
INFO: [ app_init ] --START--
INFO: Run Behavior\BuildLiteBehavior [ RunTime:0.000000s ]
INFO: [ app_init ] --END-- [ RunTime:0.001000s ]
INFO: [ app_begin ] --START--
INFO: Run Behavior\ReadHtmlCacheBehavior [ RunTime:0.001000s ]
INFO: [ app_begin ] --END-- [ RunTime:0.001000s ]
NOTIC: [8192] mysql_connect(): The mysql extension is deprecated and will be removed in the future: use mysqli or PDO instead D:\wamp\www\ThinkPHP\Library\Think\Db\Driver\Mysql.class.php 第 52 行.
SQL: SHOW COLUMNS FROM `ft_question` [ RunTime:0.004000s ]
SQL: SELECT * FROM `ft_question` ORDER BY time desc  [ RunTime:0.001001s ]
SQL: SELECT * FROM `ft_question` WHERE `time` >= 1418722190 ORDER BY answernum desc  [ RunTime:0.000000s ]
SQL: SELECT * FROM `ft_question` WHERE `answernum` = 0 ORDER BY time desc  [ RunTime:0.000000s ]
INFO: [ view_parse ] --START--
INFO: [ template_filter ] --START--
INFO: Run Behavior\ContentReplaceBehavior [ RunTime:0.000000s ]
INFO: [ template_filter ] --END-- [ RunTime:0.000000s ]
NOTIC: [2] Invalid argument supplied for foreach() D:\wamp\www\Application\Runtime\Cache\Home\2a94b8bda04ff446dcedd42276fc99ee.php 第 152 行.
INFO: Run Behavior\ParseTemplateBehavior [ RunTime:0.018001s ]
INFO: [ view_parse ] --END-- [ RunTime:0.018001s ]
INFO: [ view_filter ] --START--
INFO: Run Behavior\WriteHtmlCacheBehavior [ RunTime:0.001000s ]
INFO: [ view_filter ] --END-- [ RunTime:0.001000s ]
INFO: [ app_end ] --START--
INFO: Run Behavior\ShowPageTraceBehavior [ RunTime:0.001000s ]
INFO: [ app_end ] --END-- [ RunTime:0.001000s ]

[ 2014-12-23T17:30:04+08:00 ] 127.0.0.1 /index.php/home/index/index
INFO: [ app_init ] --START--
INFO: Run Behavior\BuildLiteBehavior [ RunTime:0.000000s ]
INFO: [ app_init ] --END-- [ RunTime:0.000000s ]
INFO: [ app_begin ] --START--
INFO: Run Behavior\ReadHtmlCacheBehavior [ RunTime:0.001000s ]
INFO: [ app_begin ] --END-- [ RunTime:0.001000s ]
NOTIC: [8192] mysql_connect(): The mysql extension is deprecated and will be removed in the future: use mysqli or PDO instead D:\wamp\www\ThinkPHP\Library\Think\Db\Driver\Mysql.class.php 第 52 行.
SQL: SHOW COLUMNS FROM `ft_question` [ RunTime:0.003000s ]
SQL: SELECT * FROM `ft_question` ORDER BY time desc  [ RunTime:0.001001s ]
SQL: SELECT * FROM `ft_question` WHERE `time` >= 1418722204 ORDER BY answernum desc  [ RunTime:0.001000s ]
SQL: SELECT * FROM `ft_question` WHERE `answernum` = 0 ORDER BY time desc  [ RunTime:0.000000s ]
INFO: [ view_parse ] --START--
INFO: [ template_filter ] --START--
INFO: Run Behavior\ContentReplaceBehavior [ RunTime:0.001000s ]
INFO: [ template_filter ] --END-- [ RunTime:0.001000s ]
NOTIC: [2] Invalid argument supplied for foreach() D:\wamp\www\Application\Runtime\Cache\Home\2a94b8bda04ff446dcedd42276fc99ee.php 第 152 行.
INFO: Run Behavior\ParseTemplateBehavior [ RunTime:0.018001s ]
INFO: [ view_parse ] --END-- [ RunTime:0.018001s ]
INFO: [ view_filter ] --START--
INFO: Run Behavior\WriteHtmlCacheBehavior [ RunTime:0.001000s ]
INFO: [ view_filter ] --END-- [ RunTime:0.001000s ]
INFO: [ app_end ] --START--
INFO: Run Behavior\ShowPageTraceBehavior [ RunTime:0.001000s ]
INFO: [ app_end ] --END-- [ RunTime:0.001000s ]

[ 2014-12-23T17:33:03+08:00 ] 127.0.0.1 /index.php/home/question/index?id=7
INFO: [ app_init ] --START--
INFO: Run Behavior\BuildLiteBehavior [ RunTime:0.000000s ]
INFO: [ app_init ] --END-- [ RunTime:0.000000s ]
INFO: [ app_begin ] --START--
INFO: Run Behavior\ReadHtmlCacheBehavior [ RunTime:0.001000s ]
INFO: [ app_begin ] --END-- [ RunTime:0.001000s ]
NOTIC: [8192] mysql_connect(): The mysql extension is deprecated and will be removed in the future: use mysqli or PDO instead D:\wamp\www\ThinkPHP\Library\Think\Db\Driver\Mysql.class.php 第 52 行.
SQL: SHOW COLUMNS FROM `ft_question` [ RunTime:0.003000s ]
SQL: SHOW COLUMNS FROM `ft_answer` [ RunTime:0.003001s ]
SQL: SELECT * FROM `ft_question` WHERE `id` = 7 LIMIT 1   [ RunTime:0.001000s ]
SQL: SELECT * FROM `ft_answer` WHERE `questionid` = 7  [ RunTime:0.000000s ]
INFO: [ view_parse ] --START--
INFO: [ template_filter ] --START--
INFO: Run Behavior\ContentReplaceBehavior [ RunTime:0.000000s ]
INFO: [ template_filter ] --END-- [ RunTime:0.000000s ]
NOTIC: [2] Invalid argument supplied for foreach() D:\wamp\www\Application\Runtime\Cache\Home\00a4151b6f13762c02e9d8b9f0e9ad6e.php 第 152 行.
INFO: Run Behavior\ParseTemplateBehavior [ RunTime:0.013000s ]
INFO: [ view_parse ] --END-- [ RunTime:0.013000s ]
INFO: [ view_filter ] --START--
INFO: Run Behavior\WriteHtmlCacheBehavior [ RunTime:0.001001s ]
INFO: [ view_filter ] --END-- [ RunTime:0.001001s ]
INFO: [ app_end ] --START--
INFO: Run Behavior\ShowPageTraceBehavior [ RunTime:0.001000s ]
INFO: [ app_end ] --END-- [ RunTime:0.001000s ]

[ 2014-12-23T17:33:24+08:00 ] 127.0.0.1 /index.php/home/user/index?id=1
INFO: [ app_init ] --START--
INFO: Run Behavior\BuildLiteBehavior [ RunTime:0.000000s ]
INFO: [ app_init ] --END-- [ RunTime:0.001000s ]
INFO: [ app_begin ] --START--
INFO: Run Behavior\ReadHtmlCacheBehavior [ RunTime:0.001000s ]
INFO: [ app_begin ] --END-- [ RunTime:0.001000s ]
NOTIC: [8192] mysql_connect(): The mysql extension is deprecated and will be removed in the future: use mysqli or PDO instead D:\wamp\www\ThinkPHP\Library\Think\Db\Driver\Mysql.class.php 第 52 行.
SQL: SHOW COLUMNS FROM `ft_user` [ RunTime:0.003000s ]
SQL: SELECT * FROM `ft_user` WHERE `id` = 1 LIMIT 1   [ RunTime:0.001000s ]
SQL: SHOW COLUMNS FROM `ft_question` [ RunTime:0.003000s ]
SQL: SELECT * FROM `ft_question` WHERE `userid` = '1' ORDER BY time desc  [ RunTime:0.001000s ]
SQL: SHOW COLUMNS FROM `ft_fav` [ RunTime:0.003000s ]
SQL: SELECT * FROM `ft_fav` WHERE `userid` = 1 ORDER BY id desc  [ RunTime:0.000000s ]
SQL: SELECT * FROM `ft_question` WHERE `id` = 22 LIMIT 1   [ RunTime:0.000000s ]
SQL: SELECT * FROM `ft_question` WHERE `id` = 1 LIMIT 1   [ RunTime:0.000000s ]
SQL: SELECT * FROM `ft_question` WHERE `id` = 19 LIMIT 1   [ RunTime:0.000000s ]
SQL: SELECT * FROM `ft_question` WHERE `id` = 21 LIMIT 1   [ RunTime:0.000000s ]
SQL: SELECT * FROM `ft_question` WHERE `id` = 17 LIMIT 1   [ RunTime:0.001000s ]
SQL: SELECT * FROM `ft_question` WHERE `id` = 16 LIMIT 1   [ RunTime:0.000000s ]
SQL: SELECT * FROM `ft_question` WHERE `id` = 4 LIMIT 1   [ RunTime:0.000000s ]
SQL: SELECT * FROM `ft_question` WHERE `id` = 6 LIMIT 1   [ RunTime:0.000000s ]
SQL: SELECT * FROM `ft_question` WHERE `id` = 2 LIMIT 1   [ RunTime:0.000000s ]
SQL: SELECT * FROM `ft_question` WHERE `id` = 7 LIMIT 1   [ RunTime:0.001000s ]
SQL: SELECT * FROM `ft_question` WHERE `id` = 8 LIMIT 1   [ RunTime:0.001000s ]
INFO: [ view_parse ] --START--
INFO: [ template_filter ] --START--
INFO: Run Behavior\ContentReplaceBehavior [ RunTime:0.000000s ]
INFO: [ template_filter ] --END-- [ RunTime:0.000000s ]
INFO: Run Behavior\ParseTemplateBehavior [ RunTime:0.027001s ]
INFO: [ view_parse ] --END-- [ RunTime:0.028002s ]
INFO: [ view_filter ] --START--
INFO: Run Behavior\WriteHtmlCacheBehavior [ RunTime:0.000000s ]
INFO: [ view_filter ] --END-- [ RunTime:0.000000s ]
INFO: [ app_end ] --START--
INFO: Run Behavior\ShowPageTraceBehavior [ RunTime:0.000000s ]
INFO: [ app_end ] --END-- [ RunTime:0.000000s ]

[ 2014-12-23T17:33:38+08:00 ] 127.0.0.1 /index.php/home/question/index?id=1
INFO: [ app_init ] --START--
INFO: Run Behavior\BuildLiteBehavior [ RunTime:0.000000s ]
INFO: [ app_init ] --END-- [ RunTime:0.000000s ]
INFO: [ app_begin ] --START--
INFO: Run Behavior\ReadHtmlCacheBehavior [ RunTime:0.000000s ]
INFO: [ app_begin ] --END-- [ RunTime:0.000000s ]
NOTIC: [8192] mysql_connect(): The mysql extension is deprecated and will be removed in the future: use mysqli or PDO instead D:\wamp\www\ThinkPHP\Library\Think\Db\Driver\Mysql.class.php 第 52 行.
SQL: SHOW COLUMNS FROM `ft_question` [ RunTime:0.003001s ]
SQL: SHOW COLUMNS FROM `ft_answer` [ RunTime:0.003000s ]
SQL: SELECT * FROM `ft_question` WHERE `id` = 1 LIMIT 1   [ RunTime:0.000000s ]
SQL: SELECT * FROM `ft_answer` WHERE `questionid` = 1  [ RunTime:0.000000s ]
INFO: [ view_parse ] --START--
INFO: [ template_filter ] --START--
INFO: Run Behavior\ContentReplaceBehavior [ RunTime:0.000000s ]
INFO: [ template_filter ] --END-- [ RunTime:0.000000s ]
INFO: Run Behavior\ParseTemplateBehavior [ RunTime:0.013001s ]
INFO: [ view_parse ] --END-- [ RunTime:0.013001s ]
INFO: [ view_filter ] --START--
INFO: Run Behavior\WriteHtmlCacheBehavior [ RunTime:0.001000s ]
INFO: [ view_filter ] --END-- [ RunTime:0.001000s ]
INFO: [ app_end ] --START--
INFO: Run Behavior\ShowPageTraceBehavior [ RunTime:0.001000s ]
INFO: [ app_end ] --END-- [ RunTime:0.001000s ]

[ 2014-12-23T17:33:41+08:00 ] 127.0.0.1 /index.php/home/user/index?id=2
INFO: [ app_init ] --START--
INFO: Run Behavior\BuildLiteBehavior [ RunTime:0.000000s ]
INFO: [ app_init ] --END-- [ RunTime:0.001000s ]
INFO: [ app_begin ] --START--
INFO: Run Behavior\ReadHtmlCacheBehavior [ RunTime:0.000000s ]
INFO: [ app_begin ] --END-- [ RunTime:0.002000s ]
NOTIC: [8192] mysql_connect(): The mysql extension is deprecated and will be removed in the future: use mysqli or PDO instead D:\wamp\www\ThinkPHP\Library\Think\Db\Driver\Mysql.class.php 第 52 行.
SQL: SHOW COLUMNS FROM `ft_user` [ RunTime:0.004000s ]
SQL: SELECT * FROM `ft_user` WHERE `id` = 2 LIMIT 1   [ RunTime:0.001000s ]
SQL: SHOW COLUMNS FROM `ft_question` [ RunTime:0.003000s ]
SQL: SELECT * FROM `ft_question` WHERE `userid` = '2' ORDER BY time desc  [ RunTime:0.000000s ]
SQL: SHOW COLUMNS FROM `ft_fav` [ RunTime:0.003000s ]
SQL: SELECT * FROM `ft_fav` WHERE `userid` = 2 ORDER BY id desc  [ RunTime:0.001000s ]
NOTIC: [2] Invalid argument supplied for foreach() D:\wamp\www\Application\Home\Controller\UserController.class.php 第 21 行.
INFO: [ view_parse ] --START--
INFO: [ template_filter ] --START--
INFO: Run Behavior\ContentReplaceBehavior [ RunTime:0.001000s ]
INFO: [ template_filter ] --END-- [ RunTime:0.001000s ]
NOTIC: [2] Invalid argument supplied for foreach() D:\wamp\www\Application\Runtime\Cache\Home\091b7bb6d47d453e638e7dd92829fced.php 第 245 行.
INFO: Run Behavior\ParseTemplateBehavior [ RunTime:0.029002s ]
INFO: [ view_parse ] --END-- [ RunTime:0.029002s ]
INFO: [ view_filter ] --START--
INFO: Run Behavior\WriteHtmlCacheBehavior [ RunTime:0.000000s ]
INFO: [ view_filter ] --END-- [ RunTime:0.001000s ]
INFO: [ app_end ] --START--
INFO: Run Behavior\ShowPageTraceBehavior [ RunTime:0.001000s ]
INFO: [ app_end ] --END-- [ RunTime:0.001000s ]

[ 2014-12-23T17:36:26+08:00 ] 127.0.0.1 /index.php/home/user/index?id=1
INFO: [ app_init ] --START--
INFO: Run Behavior\BuildLiteBehavior [ RunTime:0.001000s ]
INFO: [ app_init ] --END-- [ RunTime:0.001000s ]
INFO: [ app_begin ] --START--
INFO: Run Behavior\ReadHtmlCacheBehavior [ RunTime:0.000000s ]
INFO: [ app_begin ] --END-- [ RunTime:0.000000s ]
NOTIC: [8192] mysql_connect(): The mysql extension is deprecated and will be removed in the future: use mysqli or PDO instead D:\wamp\www\ThinkPHP\Library\Think\Db\Driver\Mysql.class.php 第 52 行.
SQL: SHOW COLUMNS FROM `ft_user` [ RunTime:0.004000s ]
SQL: SELECT * FROM `ft_user` WHERE `id` = 1 LIMIT 1   [ RunTime:0.001000s ]
SQL: SHOW COLUMNS FROM `ft_question` [ RunTime:0.003000s ]
SQL: SELECT * FROM `ft_question` WHERE `userid` = '1' ORDER BY time desc  [ RunTime:0.000000s ]
SQL: SHOW COLUMNS FROM `ft_fav` [ RunTime:0.003000s ]
SQL: SELECT * FROM `ft_fav` WHERE `userid` = 1 ORDER BY id desc  [ RunTime:0.001000s ]
SQL: SELECT * FROM `ft_question` WHERE `id` = 22 LIMIT 1   [ RunTime:0.001000s ]
SQL: SELECT * FROM `ft_question` WHERE `id` = 1 LIMIT 1   [ RunTime:0.001000s ]
SQL: SELECT * FROM `ft_question` WHERE `id` = 19 LIMIT 1   [ RunTime:0.000000s ]
SQL: SELECT * FROM `ft_question` WHERE `id` = 21 LIMIT 1   [ RunTime:0.000000s ]
SQL: SELECT * FROM `ft_question` WHERE `id` = 17 LIMIT 1   [ RunTime:0.000000s ]
SQL: SELECT * FROM `ft_question` WHERE `id` = 16 LIMIT 1   [ RunTime:0.000000s ]
SQL: SELECT * FROM `ft_question` WHERE `id` = 4 LIMIT 1   [ RunTime:0.001000s ]
SQL: SELECT * FROM `ft_question` WHERE `id` = 6 LIMIT 1   [ RunTime:0.000000s ]
SQL: SELECT * FROM `ft_question` WHERE `id` = 2 LIMIT 1   [ RunTime:0.000000s ]
SQL: SELECT * FROM `ft_question` WHERE `id` = 7 LIMIT 1   [ RunTime:0.000000s ]
SQL: SELECT * FROM `ft_question` WHERE `id` = 8 LIMIT 1   [ RunTime:0.001000s ]
INFO: [ view_parse ] --START--
INFO: [ template_filter ] --START--
INFO: Run Behavior\ContentReplaceBehavior [ RunTime:0.001000s ]
INFO: [ template_filter ] --END-- [ RunTime:0.001000s ]
INFO: Run Behavior\ParseTemplateBehavior [ RunTime:0.026001s ]
INFO: [ view_parse ] --END-- [ RunTime:0.027001s ]
INFO: [ view_filter ] --START--
INFO: Run Behavior\WriteHtmlCacheBehavior [ RunTime:0.000000s ]
INFO: [ view_filter ] --END-- [ RunTime:0.000000s ]
INFO: [ app_end ] --START--
INFO: Run Behavior\ShowPageTraceBehavior [ RunTime:0.000000s ]
INFO: [ app_end ] --END-- [ RunTime:0.000000s ]

[ 2014-12-23T17:36:27+08:00 ] 127.0.0.1 /index.php/home/user/modify
INFO: [ app_init ] --START--
INFO: Run Behavior\BuildLiteBehavior [ RunTime:0.000000s ]
INFO: [ app_init ] --END-- [ RunTime:0.001000s ]
INFO: [ app_begin ] --START--
INFO: Run Behavior\ReadHtmlCacheBehavior [ RunTime:0.001000s ]
INFO: [ app_begin ] --END-- [ RunTime:0.001000s ]
NOTIC: [8192] mysql_connect(): The mysql extension is deprecated and will be removed in the future: use mysqli or PDO instead D:\wamp\www\ThinkPHP\Library\Think\Db\Driver\Mysql.class.php 第 52 行.
SQL: SHOW COLUMNS FROM `ft_user` [ RunTime:0.003000s ]
SQL: SELECT * FROM `ft_user` WHERE `id` = 1 LIMIT 1   [ RunTime:0.001000s ]
INFO: [ view_parse ] --START--
INFO: [ template_filter ] --START--
INFO: Run Behavior\ContentReplaceBehavior [ RunTime:0.000000s ]
INFO: [ template_filter ] --END-- [ RunTime:0.000000s ]
INFO: Run Behavior\ParseTemplateBehavior [ RunTime:0.010000s ]
INFO: [ view_parse ] --END-- [ RunTime:0.011000s ]
INFO: [ view_filter ] --START--
INFO: Run Behavior\WriteHtmlCacheBehavior [ RunTime:0.000000s ]
INFO: [ view_filter ] --END-- [ RunTime:0.000000s ]
INFO: [ app_end ] --START--
INFO: Run Behavior\ShowPageTraceBehavior [ RunTime:0.000000s ]
INFO: [ app_end ] --END-- [ RunTime:0.001001s ]

